2026-02-16 21:57:13,534 INFO o.a.j.u.JMeterUtils: Setting Locale to en_EN
2026-02-16 21:57:13,566 INFO o.a.j.JMeter: Loading user properties from: D:\apache-jmeter-5.6.3\apache-jmeter-5.6.3\bin\user.properties
2026-02-16 21:57:13,567 INFO o.a.j.JMeter: Loading system properties from: D:\apache-jmeter-5.6.3\apache-jmeter-5.6.3\bin\system.properties
2026-02-16 21:57:13,577 INFO o.a.j.JMeter: Copyright (c) 1998-2024 The Apache Software Foundation
2026-02-16 21:57:13,578 INFO o.a.j.JMeter: Version 5.6.3
2026-02-16 21:57:13,578 INFO o.a.j.JMeter: java.version=21.0.8
2026-02-16 21:57:13,578 INFO o.a.j.JMeter: java.vm.name=Java HotSpot(TM) 64-Bit Server VM
2026-02-16 21:57:13,578 INFO o.a.j.JMeter: os.name=Windows 10
2026-02-16 21:57:13,578 INFO o.a.j.JMeter: os.arch=amd64
2026-02-16 21:57:13,579 INFO o.a.j.JMeter: os.version=10.0
2026-02-16 21:57:13,579 INFO o.a.j.JMeter: file.encoding=UTF-8
2026-02-16 21:57:13,579 INFO o.a.j.JMeter: java.awt.headless=true
2026-02-16 21:57:13,579 INFO o.a.j.JMeter: Max memory     =1073741824
2026-02-16 21:57:13,579 INFO o.a.j.JMeter: Available Processors =4
2026-02-16 21:57:13,597 INFO o.a.j.JMeter: Default Locale=English (EN)
2026-02-16 21:57:13,597 INFO o.a.j.JMeter: JMeter  Locale=English (EN)
2026-02-16 21:57:13,598 INFO o.a.j.JMeter: JMeterHome=D:\apache-jmeter-5.6.3\apache-jmeter-5.6.3
2026-02-16 21:57:13,598 INFO o.a.j.JMeter: user.dir  =C:\Users\Queen\Desktop\blazeDemo
2026-02-16 21:57:13,599 INFO o.a.j.JMeter: PWD       =C:\Users\Queen\Desktop\blazeDemo
2026-02-16 21:57:13,600 INFO o.a.j.JMeter: IP: 192.168.159.1 Name: DESKTOP-0LR1DHF FullName: DESKTOP-0LR1DHF
2026-02-16 21:57:13,608 INFO o.a.j.JMeter: Setting property 'jmeter.reportgenerator.outputdir' to:'C:\Users\Queen\Desktop\blazeDemo\report'
2026-02-16 21:57:13,623 INFO o.a.j.s.FileServer: Default base='C:\Users\Queen\Desktop\blazeDemo'
2026-02-16 21:57:13,623 INFO o.a.j.s.FileServer: Set new base='C:\Users\Queen\Desktop\blazeDemo'
2026-02-16 21:57:14,476 INFO o.a.j.s.SaveService: Testplan (JMX) version: 2.2. Testlog (JTL) version: 2.2
2026-02-16 21:57:14,944 INFO o.a.j.s.SaveService: Using SaveService properties version 5.0
2026-02-16 21:57:14,960 INFO o.a.j.s.SaveService: Using SaveService properties file encoding UTF-8
2026-02-16 21:57:14,960 INFO o.a.j.s.SaveService: Loading file: blazeDemoTest.jmx
2026-02-16 21:57:15,247 INFO o.a.j.p.h.s.HTTPSamplerBase: Parser for text/html is org.apache.jmeter.protocol.http.parser.LagartoBasedHtmlParser
2026-02-16 21:57:15,248 INFO o.a.j.p.h.s.HTTPSamplerBase: Parser for application/xhtml+xml is org.apache.jmeter.protocol.http.parser.LagartoBasedHtmlParser
2026-02-16 21:57:15,248 INFO o.a.j.p.h.s.HTTPSamplerBase: Parser for application/xml is org.apache.jmeter.protocol.http.parser.LagartoBasedHtmlParser
2026-02-16 21:57:15,248 INFO o.a.j.p.h.s.HTTPSamplerBase: Parser for text/xml is org.apache.jmeter.protocol.http.parser.LagartoBasedHtmlParser
2026-02-16 21:57:15,248 INFO o.a.j.p.h.s.HTTPSamplerBase: Parser for text/vnd.wap.wml is org.apache.jmeter.protocol.http.parser.RegexpHTMLParser
2026-02-16 21:57:15,248 INFO o.a.j.p.h.s.HTTPSamplerBase: Parser for text/css is org.apache.jmeter.protocol.http.parser.CssParser
2026-02-16 21:57:15,483 INFO o.a.j.JMeter: Creating summariser <summary>
2026-02-16 21:57:15,483 INFO o.a.j.r.d.ReportGenerator: ReportGenerator will use for Parsing the separator: ','
2026-02-16 21:57:15,483 INFO o.a.j.r.d.ReportGenerator: Will generate report at end of test from  results file: result.csv
2026-02-16 21:57:15,483 INFO o.a.j.r.d.ReportGenerator: Reading report generator properties from: D:\apache-jmeter-5.6.3\apache-jmeter-5.6.3\bin\reportgenerator.properties
2026-02-16 21:57:15,545 INFO o.a.j.r.d.ReportGenerator: Merging with JMeter properties
2026-02-16 21:57:15,777 INFO o.a.j.r.c.ReportGeneratorConfiguration: Property 'jmeter.reportgenerator.temp_dir' not found, using default value 'temp' instead.
2026-02-16 21:57:15,793 INFO o.a.j.r.c.ReportGeneratorConfiguration: Property 'jmeter.reportgenerator.apdex_per_transaction' not found, using default value 'null' instead.
2026-02-16 21:57:15,793 INFO o.a.j.r.c.ReportGeneratorConfiguration: apdex_per_transaction is empty, not APDEX per transaction customization
2026-02-16 21:57:15,793 INFO o.a.j.r.c.ReportGeneratorConfiguration: Property 'jmeter.reportgenerator.sample_filter' not found, using default value 'null' instead.
2026-02-16 21:57:15,793 INFO o.a.j.r.c.ReportGeneratorConfiguration: Property 'jmeter.reportgenerator.report_title' not found, using default value 'null' instead.
2026-02-16 21:57:15,793 INFO o.a.j.r.c.ReportGeneratorConfiguration: Property 'jmeter.reportgenerator.start_date' not found, using default value 'null' instead.
2026-02-16 21:57:15,793 INFO o.a.j.r.c.ReportGeneratorConfiguration: Property 'jmeter.reportgenerator.end_date' not found, using default value 'null' instead.
2026-02-16 21:57:15,793 INFO o.a.j.r.c.ReportGeneratorConfiguration: Property 'jmeter.reportgenerator.date_format' not found, using default value 'null' instead.
2026-02-16 21:57:15,793 INFO o.a.j.r.c.ReportGeneratorConfiguration: Will use date range start date: null, end date: null
2026-02-16 21:57:15,824 INFO o.a.j.r.c.ReportGeneratorConfiguration: Property 'jmeter.reportgenerator.graph.totalTPS.exclude_controllers' not found, using default value 'false' instead.
2026-02-16 21:57:15,824 INFO o.a.j.r.c.ReportGeneratorConfiguration: Property 'jmeter.reportgenerator.graph.activeThreadsOverTime.exclude_controllers' not found, using default value 'false' instead.
2026-02-16 21:57:15,824 INFO o.a.j.r.c.ReportGeneratorConfiguration: Property 'jmeter.reportgenerator.graph.timeVsThreads.exclude_controllers' not found, using default value 'false' instead.
2026-02-16 21:57:15,824 INFO o.a.j.r.c.ReportGeneratorConfiguration: Property 'jmeter.reportgenerator.graph.responseTimeDistribution.exclude_controllers' not found, using default value 'false' instead.
2026-02-16 21:57:15,824 INFO o.a.j.r.c.ReportGeneratorConfiguration: Property 'jmeter.reportgenerator.graph.transactionsPerSecond.exclude_controllers' not found, using default value 'false' instead.
2026-02-16 21:57:15,824 INFO o.a.j.r.c.ReportGeneratorConfiguration: Property 'jmeter.reportgenerator.graph.responseTimePercentiles.exclude_controllers' not found, using default value 'false' instead.
2026-02-16 21:57:15,824 INFO o.a.j.r.c.ReportGeneratorConfiguration: Property 'jmeter.reportgenerator.graph.responseTimePercentilesOverTime.exclude_controllers' not found, using default value 'false' instead.
2026-02-16 21:57:15,824 INFO o.a.j.r.c.ReportGeneratorConfiguration: Property 'jmeter.reportgenerator.graph.responseTimesOverTime.exclude_controllers' not found, using default value 'false' instead.
2026-02-16 21:57:15,824 INFO o.a.j.r.c.ReportGeneratorConfiguration: Property 'jmeter.reportgenerator.graph.connectTimeOverTime.exclude_controllers' not found, using default value 'false' instead.
2026-02-16 21:57:15,824 INFO o.a.j.r.c.ReportGeneratorConfiguration: Property 'jmeter.reportgenerator.graph.latenciesOverTime.exclude_controllers' not found, using default value 'false' instead.
2026-02-16 21:57:15,824 INFO o.a.j.r.c.ReportGeneratorConfiguration: Property 'jmeter.reportgenerator.exporter.json.filters_only_sample_series' not found, using default value 'true' instead.
2026-02-16 21:57:15,824 INFO o.a.j.r.c.ReportGeneratorConfiguration: Property 'jmeter.reportgenerator.exporter.json.series_filter' not found, using default value '' instead.
2026-02-16 21:57:15,824 INFO o.a.j.r.c.ReportGeneratorConfiguration: Property 'jmeter.reportgenerator.exporter.json.show_controllers_only' not found, using default value 'false' instead.
2026-02-16 21:57:15,824 INFO o.a.j.r.c.ReportGeneratorConfiguration: Property 'jmeter.reportgenerator.exporter.html.filters_only_sample_series' not found, using default value 'true' instead.
2026-02-16 21:57:15,824 INFO o.a.j.r.c.ReportGeneratorConfiguration: Property 'jmeter.reportgenerator.exporter.html.series_filter' not found, using default value '' instead.
2026-02-16 21:57:15,824 INFO o.a.j.r.c.ReportGeneratorConfiguration: Property 'jmeter.reportgenerator.exporter.html.show_controllers_only' not found, using default value 'false' instead.
2026-02-16 21:57:16,024 INFO o.a.j.e.StandardJMeterEngine: Running the test!
2026-02-16 21:57:16,040 INFO o.a.j.s.SampleEvent: List of sample_variables: []
2026-02-16 21:57:16,040 INFO o.a.j.s.SampleEvent: List of sample_variables: []
2026-02-16 21:57:16,376 INFO o.a.j.e.u.CompoundVariable: Note: Function class names must contain the string: '.functions.'
2026-02-16 21:57:16,376 INFO o.a.j.e.u.CompoundVariable: Note: Function class names must not contain the string: '.gui.'
2026-02-16 21:57:16,467 INFO o.a.j.r.ClassFinder: Will scan jar D:\apache-jmeter-5.6.3\apache-jmeter-5.6.3\lib\ext\jmeter-plugins-casutg-3.1.1.jar with filter ExtendsClassFilter [parents=[interface org.apache.jmeter.functions.Function], inner=false, contains=null, notContains=null]. Consider exposing JMeter plugins via META-INF/services, and add JMeter-Skip-Class-Scanning=true manifest attribute so JMeter can skip classfile scanning
2026-02-16 21:57:16,530 INFO o.a.j.r.ClassFinder: Will scan jar D:\apache-jmeter-5.6.3\apache-jmeter-5.6.3\lib\ext\jmeter-plugins-manager-1.11.jar with filter ExtendsClassFilter [parents=[interface org.apache.jmeter.functions.Function], inner=false, contains=null, notContains=null]. Consider exposing JMeter plugins via META-INF/services, and add JMeter-Skip-Class-Scanning=true manifest attribute so JMeter can skip classfile scanning
2026-02-16 21:57:17,211 INFO o.a.j.JMeter: Running test (1771271837211)
2026-02-16 21:57:17,265 INFO o.a.j.e.StandardJMeterEngine: Starting ThreadGroup: 1 : Load Testing Group
2026-02-16 21:57:17,265 INFO o.a.j.e.StandardJMeterEngine: Starting 40 threads for group Load Testing Group.
2026-02-16 21:57:17,265 INFO o.a.j.e.StandardJMeterEngine: Thread will continue on error
2026-02-16 21:57:17,265 INFO o.a.j.t.ThreadGroup: Starting thread group... number=1 threads=40 ramp-up=1 delayedStart=false
2026-02-16 21:57:17,328 INFO o.a.j.t.ThreadGroup: Started thread group number 1
2026-02-16 21:57:17,328 INFO o.a.j.e.StandardJMeterEngine: Starting ThreadGroup: 2 : Stress Testing Group
2026-02-16 21:57:17,328 INFO o.a.j.e.StandardJMeterEngine: Starting 60 threads for group Stress Testing Group.
2026-02-16 21:57:17,328 INFO o.a.j.e.StandardJMeterEngine: Thread will continue on error
2026-02-16 21:57:17,328 INFO o.a.j.t.ThreadGroup: Starting thread group... number=2 threads=60 ramp-up=1 delayedStart=false
2026-02-16 21:57:17,349 INFO o.a.j.t.ThreadGroup: Started thread group number 2
2026-02-16 21:57:17,349 INFO o.a.j.e.StandardJMeterEngine: Starting ThreadGroup: 3 : Soak Testing Group
2026-02-16 21:57:17,349 INFO o.a.j.e.StandardJMeterEngine: Starting 40 threads for group Soak Testing Group.
2026-02-16 21:57:17,349 INFO o.a.j.e.StandardJMeterEngine: Thread will continue on error
2026-02-16 21:57:17,349 INFO o.a.j.t.ThreadGroup: Starting thread group... number=3 threads=40 ramp-up=1 delayedStart=false
2026-02-16 21:57:17,389 INFO o.a.j.t.ThreadGroup: Started thread group number 3
2026-02-16 21:57:17,389 INFO o.a.j.e.StandardJMeterEngine: All thread groups have been started
2026-02-16 21:57:17,391 INFO o.a.j.t.JMeterThread: Thread started: Load Testing Group 1-1
2026-02-16 21:57:17,397 INFO o.a.j.t.JMeterThread: Thread started: Stress Testing Group 2-1
2026-02-16 21:57:17,417 INFO o.a.j.t.JMeterThread: Thread started: Load Testing Group 1-2
2026-02-16 21:57:17,422 INFO o.a.j.t.JMeterThread: Thread started: Soak Testing Group 3-1
2026-02-16 21:57:17,432 INFO o.a.j.t.JMeterThread: Thread started: Soak Testing Group 3-2
2026-02-16 21:57:17,432 INFO o.a.j.t.JMeterThread: Thread started: Load Testing Group 1-3
2026-02-16 21:57:17,438 INFO o.a.j.t.JMeterThread: Thread started: Stress Testing Group 2-2
2026-02-16 21:57:17,455 INFO o.a.j.t.JMeterThread: Thread started: Stress Testing Group 2-3
2026-02-16 21:57:17,456 INFO o.a.j.t.JMeterThread: Thread started: Load Testing Group 1-4
2026-02-16 21:57:17,461 INFO o.a.j.t.JMeterThread: Thread started: Soak Testing Group 3-3
2026-02-16 21:57:17,472 INFO o.a.j.t.JMeterThread: Thread started: Stress Testing Group 2-4
2026-02-16 21:57:17,480 INFO o.a.j.t.JMeterThread: Thread started: Load Testing Group 1-5
2026-02-16 21:57:17,481 INFO o.a.j.t.JMeterThread: Thread started: Soak Testing Group 3-4
2026-02-16 21:57:17,489 INFO o.a.j.t.JMeterThread: Thread started: Stress Testing Group 2-5
2026-02-16 21:57:17,505 INFO o.a.j.t.JMeterThread: Thread started: Load Testing Group 1-6
2026-02-16 21:57:17,506 INFO o.a.j.t.JMeterThread: Thread started: Stress Testing Group 2-6
2026-02-16 21:57:17,507 INFO o.a.j.t.JMeterThread: Thread started: Soak Testing Group 3-5
2026-02-16 21:57:17,511 INFO o.a.j.p.h.s.HTTPHCAbstractImpl: Local host = DESKTOP-0LR1DHF
2026-02-16 21:57:17,519 INFO o.a.j.p.h.s.HTTPHC4Impl: HTTP request retry count = 0
2026-02-16 21:57:17,522 INFO o.a.j.s.SampleResult: Note: Sample TimeStamps are START times
2026-02-16 21:57:17,522 INFO o.a.j.s.SampleResult: sampleresult.default.encoding is set to UTF-8
2026-02-16 21:57:17,522 INFO o.a.j.s.SampleResult: sampleresult.useNanoTime=true
2026-02-16 21:57:17,522 INFO o.a.j.s.SampleResult: sampleresult.nanoThreadSleep=5000
2026-02-16 21:57:17,523 INFO o.a.j.t.JMeterThread: Thread started: Stress Testing Group 2-7
2026-02-16 21:57:17,529 INFO o.a.j.t.JMeterThread: Thread started: Load Testing Group 1-7
2026-02-16 21:57:17,532 INFO o.a.j.t.JMeterThread: Thread started: Soak Testing Group 3-6
2026-02-16 21:57:17,540 INFO o.a.j.t.JMeterThread: Thread started: Stress Testing Group 2-8
2026-02-16 21:57:17,553 INFO o.a.j.t.JMeterThread: Thread started: Load Testing Group 1-8
2026-02-16 21:57:17,556 INFO o.a.j.t.JMeterThread: Thread started: Soak Testing Group 3-7
2026-02-16 21:57:17,557 INFO o.a.j.t.JMeterThread: Thread started: Stress Testing Group 2-9
2026-02-16 21:57:17,579 INFO o.a.j.t.JMeterThread: Thread started: Stress Testing Group 2-10
2026-02-16 21:57:17,580 INFO o.a.j.t.JMeterThread: Thread started: Load Testing Group 1-9
2026-02-16 21:57:17,582 INFO o.a.j.t.JMeterThread: Thread started: Soak Testing Group 3-8
2026-02-16 21:57:17,592 INFO o.a.j.t.JMeterThread: Thread started: Stress Testing Group 2-11
2026-02-16 21:57:17,601 INFO o.a.j.t.JMeterThread: Thread started: Load Testing Group 1-10
2026-02-16 21:57:17,606 INFO o.a.j.t.JMeterThread: Thread started: Soak Testing Group 3-9
2026-02-16 21:57:17,608 INFO o.a.j.t.JMeterThread: Thread started: Stress Testing Group 2-12
2026-02-16 21:57:17,625 INFO o.a.j.t.JMeterThread: Thread started: Load Testing Group 1-11
2026-02-16 21:57:17,625 INFO o.a.j.t.JMeterThread: Thread started: Stress Testing Group 2-13
2026-02-16 21:57:17,633 INFO o.a.j.t.JMeterThread: Thread started: Soak Testing Group 3-10
2026-02-16 21:57:17,644 INFO o.a.j.t.JMeterThread: Thread started: Stress Testing Group 2-14
2026-02-16 21:57:17,650 INFO o.a.j.t.JMeterThread: Thread started: Load Testing Group 1-12
2026-02-16 21:57:17,664 INFO o.a.j.t.JMeterThread: Thread started: Soak Testing Group 3-11
2026-02-16 21:57:17,671 INFO o.a.j.t.JMeterThread: Thread started: Stress Testing Group 2-15
2026-02-16 21:57:17,676 INFO o.a.j.t.JMeterThread: Thread started: Load Testing Group 1-13
2026-02-16 21:57:17,676 INFO o.a.j.t.JMeterThread: Thread started: Stress Testing Group 2-16
2026-02-16 21:57:17,682 INFO o.a.j.t.JMeterThread: Thread started: Soak Testing Group 3-12
2026-02-16 21:57:17,693 INFO o.a.j.t.JMeterThread: Thread started: Stress Testing Group 2-17
2026-02-16 21:57:17,699 INFO o.a.j.t.JMeterThread: Thread started: Load Testing Group 1-14
2026-02-16 21:57:17,706 INFO o.a.j.t.JMeterThread: Thread started: Soak Testing Group 3-13
2026-02-16 21:57:17,710 INFO o.a.j.t.JMeterThread: Thread started: Stress Testing Group 2-18
2026-02-16 21:57:17,724 INFO o.a.j.t.JMeterThread: Thread started: Load Testing Group 1-15
2026-02-16 21:57:17,728 INFO o.a.j.t.JMeterThread: Thread started: Stress Testing Group 2-19
2026-02-16 21:57:17,732 INFO o.a.j.t.JMeterThread: Thread started: Soak Testing Group 3-14
2026-02-16 21:57:17,744 INFO o.a.j.t.JMeterThread: Thread started: Stress Testing Group 2-20
2026-02-16 21:57:17,750 INFO o.a.j.t.JMeterThread: Thread started: Load Testing Group 1-16
2026-02-16 21:57:17,756 INFO o.a.j.t.JMeterThread: Thread started: Soak Testing Group 3-15
2026-02-16 21:57:17,761 INFO o.a.j.t.JMeterThread: Thread started: Stress Testing Group 2-21
2026-02-16 21:57:17,774 INFO o.a.j.t.JMeterThread: Thread started: Load Testing Group 1-17
2026-02-16 21:57:17,779 INFO o.a.j.t.JMeterThread: Thread started: Stress Testing Group 2-22
2026-02-16 21:57:17,782 INFO o.a.j.t.JMeterThread: Thread started: Soak Testing Group 3-16
2026-02-16 21:57:17,798 INFO o.a.j.t.JMeterThread: Thread started: Stress Testing Group 2-23
2026-02-16 21:57:17,798 INFO o.a.j.t.JMeterThread: Thread started: Load Testing Group 1-18
2026-02-16 21:57:17,810 INFO o.a.j.t.JMeterThread: Thread started: Soak Testing Group 3-17
2026-02-16 21:57:17,812 INFO o.a.j.t.JMeterThread: Thread started: Stress Testing Group 2-24
2026-02-16 21:57:17,824 INFO o.a.j.t.JMeterThread: Thread started: Load Testing Group 1-19
2026-02-16 21:57:17,830 INFO o.a.j.t.JMeterThread: Thread started: Stress Testing Group 2-25
2026-02-16 21:57:17,831 INFO o.a.j.t.JMeterThread: Thread started: Soak Testing Group 3-18
2026-02-16 21:57:17,846 INFO o.a.j.t.JMeterThread: Thread started: Stress Testing Group 2-26
2026-02-16 21:57:17,847 INFO o.a.j.t.JMeterThread: Thread started: Stress Testing Group 2-27
2026-02-16 21:57:17,850 INFO o.a.j.t.JMeterThread: Thread started: Load Testing Group 1-20
2026-02-16 21:57:17,856 INFO o.a.j.t.JMeterThread: Thread started: Soak Testing Group 3-19
2026-02-16 21:57:17,864 INFO o.a.j.t.JMeterThread: Thread started: Stress Testing Group 2-28
2026-02-16 21:57:17,874 INFO o.a.j.t.JMeterThread: Thread started: Load Testing Group 1-21
2026-02-16 21:57:17,881 INFO o.a.j.t.JMeterThread: Thread started: Stress Testing Group 2-29
2026-02-16 21:57:17,884 INFO o.a.j.t.JMeterThread: Thread started: Soak Testing Group 3-20
2026-02-16 21:57:17,897 INFO o.a.j.t.JMeterThread: Thread started: Stress Testing Group 2-30
2026-02-16 21:57:17,900 INFO o.a.j.t.JMeterThread: Thread started: Load Testing Group 1-22
2026-02-16 21:57:17,909 INFO o.a.j.t.JMeterThread: Thread started: Soak Testing Group 3-21
2026-02-16 21:57:17,914 INFO o.a.j.t.JMeterThread: Thread started: Stress Testing Group 2-31
2026-02-16 21:57:17,915 INFO o.a.j.p.h.s.h.LazyLayeredConnectionSocketFactory: Setting up HTTPS TrustAll Socket Factory
2026-02-16 21:57:17,925 INFO o.a.j.t.JMeterThread: Thread started: Load Testing Group 1-23
2026-02-16 21:57:17,933 INFO o.a.j.t.JMeterThread: Thread started: Stress Testing Group 2-32
2026-02-16 21:57:17,934 INFO o.a.j.t.JMeterThread: Thread started: Soak Testing Group 3-22
2026-02-16 21:57:17,948 INFO o.a.j.t.JMeterThread: Thread started: Load Testing Group 1-24
2026-02-16 21:57:17,949 INFO o.a.j.t.JMeterThread: Thread started: Stress Testing Group 2-33
2026-02-16 21:57:17,960 INFO o.a.j.t.JMeterThread: Thread started: Soak Testing Group 3-23
2026-02-16 21:57:17,965 INFO o.a.j.t.JMeterThread: Thread started: Stress Testing Group 2-34
2026-02-16 21:57:17,973 INFO o.a.j.t.JMeterThread: Thread started: Load Testing Group 1-25
2026-02-16 21:57:17,982 INFO o.a.j.t.JMeterThread: Thread started: Stress Testing Group 2-35
2026-02-16 21:57:17,984 INFO o.a.j.t.JMeterThread: Thread started: Soak Testing Group 3-24
2026-02-16 21:57:17,996 INFO o.a.j.u.JsseSSLManager: Using default SSL protocol: TLS
2026-02-16 21:57:17,996 INFO o.a.j.u.JsseSSLManager: SSL session context: per-thread
2026-02-16 21:57:17,999 INFO o.a.j.t.JMeterThread: Thread started: Load Testing Group 1-26
2026-02-16 21:57:18,002 INFO o.a.j.t.JMeterThread: Thread started: Stress Testing Group 2-36
2026-02-16 21:57:18,009 INFO o.a.j.t.JMeterThread: Thread started: Soak Testing Group 3-25
2026-02-16 21:57:18,019 INFO o.a.j.t.JMeterThread: Thread started: Stress Testing Group 2-37
2026-02-16 21:57:18,029 INFO o.a.j.t.JMeterThread: Thread started: Load Testing Group 1-27
2026-02-16 21:57:18,030 INFO o.a.j.t.JMeterThread: Thread started: Stress Testing Group 2-38
2026-02-16 21:57:18,035 INFO o.a.j.t.JMeterThread: Thread started: Soak Testing Group 3-26
2026-02-16 21:57:18,045 INFO o.a.j.t.JMeterThread: Thread started: Stress Testing Group 2-39
2026-02-16 21:57:18,050 INFO o.a.j.t.JMeterThread: Thread started: Load Testing Group 1-28
2026-02-16 21:57:18,059 INFO o.a.j.t.JMeterThread: Thread started: Soak Testing Group 3-27
2026-02-16 21:57:18,062 INFO o.a.j.t.JMeterThread: Thread started: Stress Testing Group 2-40
2026-02-16 21:57:18,075 INFO o.a.j.t.JMeterThread: Thread started: Load Testing Group 1-29
2026-02-16 21:57:18,080 INFO o.a.j.t.JMeterThread: Thread started: Stress Testing Group 2-41
2026-02-16 21:57:18,085 INFO o.a.j.t.JMeterThread: Thread started: Soak Testing Group 3-28
2026-02-16 21:57:18,103 INFO o.a.j.t.JMeterThread: Thread started: Stress Testing Group 2-42
2026-02-16 21:57:18,107 INFO o.a.j.t.JMeterThread: Thread started: Load Testing Group 1-30
2026-02-16 21:57:18,111 INFO o.a.j.t.JMeterThread: Thread started: Soak Testing Group 3-29
2026-02-16 21:57:18,115 INFO o.a.j.t.JMeterThread: Thread started: Stress Testing Group 2-43
2026-02-16 21:57:18,118 INFO o.a.j.t.JMeterThread: Thread started: Soak Testing Group 3-30
2026-02-16 21:57:18,125 INFO o.a.j.t.JMeterThread: Thread started: Load Testing Group 1-31
2026-02-16 21:57:18,130 INFO o.a.j.t.JMeterThread: Thread started: Stress Testing Group 2-44
2026-02-16 21:57:18,142 INFO o.a.j.t.JMeterThread: Thread started: Soak Testing Group 3-31
2026-02-16 21:57:18,149 INFO o.a.j.t.JMeterThread: Thread started: Stress Testing Group 2-45
2026-02-16 21:57:18,149 INFO o.a.j.t.JMeterThread: Thread started: Load Testing Group 1-32
2026-02-16 21:57:18,164 INFO o.a.j.t.JMeterThread: Thread started: Stress Testing Group 2-46
2026-02-16 21:57:18,169 INFO o.a.j.t.JMeterThread: Thread started: Soak Testing Group 3-32
2026-02-16 21:57:18,175 INFO o.a.j.t.JMeterThread: Thread started: Load Testing Group 1-33
2026-02-16 21:57:18,182 INFO o.a.j.t.JMeterThread: Thread started: Stress Testing Group 2-47
2026-02-16 21:57:18,193 INFO o.a.j.t.JMeterThread: Thread started: Soak Testing Group 3-33
2026-02-16 21:57:18,198 INFO o.a.j.t.JMeterThread: Thread started: Stress Testing Group 2-48
2026-02-16 21:57:18,200 INFO o.a.j.t.JMeterThread: Thread started: Load Testing Group 1-34
2026-02-16 21:57:18,216 INFO o.a.j.t.JMeterThread: Thread started: Stress Testing Group 2-49
2026-02-16 21:57:18,220 INFO o.a.j.t.JMeterThread: Thread started: Soak Testing Group 3-34
2026-02-16 21:57:18,224 INFO o.a.j.t.JMeterThread: Thread started: Load Testing Group 1-35
2026-02-16 21:57:18,233 INFO o.a.j.t.JMeterThread: Thread started: Stress Testing Group 2-50
2026-02-16 21:57:18,243 INFO o.a.j.t.JMeterThread: Thread started: Soak Testing Group 3-35
2026-02-16 21:57:18,249 INFO o.a.j.t.JMeterThread: Thread started: Load Testing Group 1-36
2026-02-16 21:57:18,251 INFO o.a.j.t.JMeterThread: Thread started: Stress Testing Group 2-51
2026-02-16 21:57:18,267 INFO o.a.j.t.JMeterThread: Thread started: Stress Testing Group 2-52
2026-02-16 21:57:18,268 INFO o.a.j.t.JMeterThread: Thread started: Soak Testing Group 3-36
2026-02-16 21:57:18,274 INFO o.a.j.t.JMeterThread: Thread started: Load Testing Group 1-37
2026-02-16 21:57:18,283 INFO o.a.j.t.JMeterThread: Thread started: Load Testing Group 1-38
2026-02-16 21:57:18,284 INFO o.a.j.t.JMeterThread: Thread started: Stress Testing Group 2-53
2026-02-16 21:57:18,293 INFO o.a.j.t.JMeterThread: Thread started: Soak Testing Group 3-37
2026-02-16 21:57:18,301 INFO o.a.j.t.JMeterThread: Thread started: Stress Testing Group 2-54
2026-02-16 21:57:18,308 INFO o.a.j.t.JMeterThread: Thread started: Load Testing Group 1-39
2026-02-16 21:57:18,318 INFO o.a.j.t.JMeterThread: Thread started: Soak Testing Group 3-38
2026-02-16 21:57:18,318 INFO o.a.j.t.JMeterThread: Thread started: Stress Testing Group 2-55
2026-02-16 21:57:18,333 INFO o.a.j.t.JMeterThread: Thread started: Load Testing Group 1-40
2026-02-16 21:57:18,335 INFO o.a.j.t.JMeterThread: Thread started: Stress Testing Group 2-56
2026-02-16 21:57:18,336 INFO o.a.j.t.JMeterThread: Thread started: Soak Testing Group 3-39
2026-02-16 21:57:18,352 INFO o.a.j.t.JMeterThread: Thread started: Stress Testing Group 2-57
2026-02-16 21:57:18,361 INFO o.a.j.t.JMeterThread: Thread started: Soak Testing Group 3-40
2026-02-16 21:57:18,370 INFO o.a.j.t.JMeterThread: Thread started: Stress Testing Group 2-58
2026-02-16 21:57:18,386 INFO o.a.j.t.JMeterThread: Thread started: Stress Testing Group 2-59
2026-02-16 21:57:18,404 INFO o.a.j.t.JMeterThread: Thread started: Stress Testing Group 2-60
2026-02-16 21:57:21,268 INFO o.a.j.u.SSLManager: JmeterKeyStore Location:  type JKS
2026-02-16 21:57:21,362 INFO o.a.j.u.SSLManager: KeyStore created OK
2026-02-16 21:57:21,362 WARN o.a.j.u.SSLManager: Keystore file not found, loading empty keystore
2026-02-16 21:57:26,304 INFO o.a.j.t.JMeterThread: Thread is done: Stress Testing Group 2-22
2026-02-16 21:57:26,304 INFO o.a.j.t.JMeterThread: Thread finished: Stress Testing Group 2-22
2026-02-16 21:57:26,304 INFO o.a.j.t.JMeterThread: Thread is done: Stress Testing Group 2-44
2026-02-16 21:57:26,304 INFO o.a.j.t.JMeterThread: Thread finished: Stress Testing Group 2-44
2026-02-16 21:57:26,304 INFO o.a.j.t.JMeterThread: Thread is done: Stress Testing Group 2-21
2026-02-16 21:57:26,304 INFO o.a.j.t.JMeterThread: Thread finished: Stress Testing Group 2-21
2026-02-16 21:57:26,412 INFO o.a.j.t.JMeterThread: Thread is done: Stress Testing Group 2-2
2026-02-16 21:57:26,412 INFO o.a.j.t.JMeterThread: Thread finished: Stress Testing Group 2-2
2026-02-16 21:57:26,417 INFO o.a.j.t.JMeterThread: Thread is done: Stress Testing Group 2-5
2026-02-16 21:57:26,418 INFO o.a.j.t.JMeterThread: Thread finished: Stress Testing Group 2-5
2026-02-16 21:57:26,467 INFO o.a.j.t.JMeterThread: Thread is done: Load Testing Group 1-40
2026-02-16 21:57:26,467 INFO o.a.j.t.JMeterThread: Thread finished: Load Testing Group 1-40
2026-02-16 21:57:26,467 INFO o.a.j.t.JMeterThread: Thread is done: Stress Testing Group 2-59
2026-02-16 21:57:26,467 INFO o.a.j.t.JMeterThread: Thread finished: Stress Testing Group 2-59
2026-02-16 21:57:26,467 INFO o.a.j.t.JMeterThread: Thread is done: Load Testing Group 1-13
2026-02-16 21:57:26,467 INFO o.a.j.t.JMeterThread: Thread finished: Load Testing Group 1-13
2026-02-16 21:57:26,489 INFO o.a.j.t.JMeterThread: Thread is done: Load Testing Group 1-8
2026-02-16 21:57:26,489 INFO o.a.j.t.JMeterThread: Thread finished: Load Testing Group 1-8
2026-02-16 21:57:26,489 INFO o.a.j.t.JMeterThread: Thread is done: Stress Testing Group 2-27
2026-02-16 21:57:26,489 INFO o.a.j.t.JMeterThread: Thread finished: Stress Testing Group 2-27
2026-02-16 21:57:26,505 INFO o.a.j.t.JMeterThread: Thread is done: Load Testing Group 1-1
2026-02-16 21:57:26,505 INFO o.a.j.t.JMeterThread: Thread finished: Load Testing Group 1-1
2026-02-16 21:57:26,583 INFO o.a.j.t.JMeterThread: Thread is done: Stress Testing Group 2-30
2026-02-16 21:57:26,583 INFO o.a.j.t.JMeterThread: Thread finished: Stress Testing Group 2-30
2026-02-16 21:57:26,583 INFO o.a.j.t.JMeterThread: Thread is done: Stress Testing Group 2-25
2026-02-16 21:57:26,583 INFO o.a.j.t.JMeterThread: Thread finished: Stress Testing Group 2-25
2026-02-16 21:57:26,589 INFO o.a.j.t.JMeterThread: Thread is done: Stress Testing Group 2-38
2026-02-16 21:57:26,589 INFO o.a.j.t.JMeterThread: Thread finished: Stress Testing Group 2-38
2026-02-16 21:57:26,589 INFO o.a.j.t.JMeterThread: Thread is done: Stress Testing Group 2-4
2026-02-16 21:57:26,589 INFO o.a.j.t.JMeterThread: Thread finished: Stress Testing Group 2-4
2026-02-16 21:57:26,652 INFO o.a.j.t.JMeterThread: Thread is done: Stress Testing Group 2-36
2026-02-16 21:57:26,652 INFO o.a.j.t.JMeterThread: Thread finished: Stress Testing Group 2-36
2026-02-16 21:57:26,652 INFO o.a.j.t.JMeterThread: Thread is done: Load Testing Group 1-21
2026-02-16 21:57:26,652 INFO o.a.j.t.JMeterThread: Thread finished: Load Testing Group 1-21
2026-02-16 21:57:26,652 INFO o.a.j.t.JMeterThread: Thread is done: Stress Testing Group 2-52
2026-02-16 21:57:26,652 INFO o.a.j.t.JMeterThread: Thread finished: Stress Testing Group 2-52
2026-02-16 21:57:26,652 INFO o.a.j.t.JMeterThread: Thread is done: Load Testing Group 1-20
2026-02-16 21:57:26,652 INFO o.a.j.t.JMeterThread: Thread finished: Load Testing Group 1-20
2026-02-16 21:57:26,652 INFO o.a.j.t.JMeterThread: Thread is done: Load Testing Group 1-28
2026-02-16 21:57:26,652 INFO o.a.j.t.JMeterThread: Thread finished: Load Testing Group 1-28
2026-02-16 21:57:26,668 INFO o.a.j.t.JMeterThread: Thread is done: Stress Testing Group 2-32
2026-02-16 21:57:26,668 INFO o.a.j.t.JMeterThread: Thread finished: Stress Testing Group 2-32
2026-02-16 21:57:26,668 INFO o.a.j.t.JMeterThread: Thread is done: Stress Testing Group 2-29
2026-02-16 21:57:26,668 INFO o.a.j.t.JMeterThread: Thread finished: Stress Testing Group 2-29
2026-02-16 21:57:26,668 INFO o.a.j.t.JMeterThread: Thread is done: Load Testing Group 1-29
2026-02-16 21:57:26,668 INFO o.a.j.t.JMeterThread: Thread finished: Load Testing Group 1-29
2026-02-16 21:57:26,668 INFO o.a.j.t.JMeterThread: Thread is done: Stress Testing Group 2-55
2026-02-16 21:57:26,668 INFO o.a.j.t.JMeterThread: Thread finished: Stress Testing Group 2-55
2026-02-16 21:57:26,705 INFO o.a.j.t.JMeterThread: Thread is done: Stress Testing Group 2-28
2026-02-16 21:57:26,705 INFO o.a.j.t.JMeterThread: Thread finished: Stress Testing Group 2-28
2026-02-16 21:57:26,721 INFO o.a.j.t.JMeterThread: Thread is done: Stress Testing Group 2-51
2026-02-16 21:57:26,721 INFO o.a.j.t.JMeterThread: Thread finished: Stress Testing Group 2-51
2026-02-16 21:57:26,721 INFO o.a.j.t.JMeterThread: Thread is done: Stress Testing Group 2-43
2026-02-16 21:57:26,721 INFO o.a.j.t.JMeterThread: Thread finished: Stress Testing Group 2-43
2026-02-16 21:57:26,721 INFO o.a.j.t.JMeterThread: Thread is done: Load Testing Group 1-34
2026-02-16 21:57:26,726 INFO o.a.j.t.JMeterThread: Thread finished: Load Testing Group 1-34
2026-02-16 21:57:26,726 INFO o.a.j.t.JMeterThread: Thread is done: Load Testing Group 1-36
2026-02-16 21:57:26,726 INFO o.a.j.t.JMeterThread: Thread finished: Load Testing Group 1-36
2026-02-16 21:57:26,726 INFO o.a.j.t.JMeterThread: Thread is done: Load Testing Group 1-15
2026-02-16 21:57:26,726 INFO o.a.j.t.JMeterThread: Thread finished: Load Testing Group 1-15
2026-02-16 21:57:26,752 INFO o.a.j.t.JMeterThread: Thread is done: Load Testing Group 1-31
2026-02-16 21:57:26,752 INFO o.a.j.t.JMeterThread: Thread finished: Load Testing Group 1-31
2026-02-16 21:57:26,755 INFO o.a.j.t.JMeterThread: Thread is done: Stress Testing Group 2-35
2026-02-16 21:57:26,755 INFO o.a.j.t.JMeterThread: Thread finished: Stress Testing Group 2-35
2026-02-16 21:57:26,779 INFO o.a.j.t.JMeterThread: Thread is done: Stress Testing Group 2-50
2026-02-16 21:57:26,779 INFO o.a.j.t.JMeterThread: Thread is done: Load Testing Group 1-3
2026-02-16 21:57:26,781 INFO o.a.j.t.JMeterThread: Thread finished: Stress Testing Group 2-50
2026-02-16 21:57:26,781 INFO o.a.j.t.JMeterThread: Thread is done: Load Testing Group 1-4
2026-02-16 21:57:26,781 INFO o.a.j.t.JMeterThread: Thread finished: Load Testing Group 1-4
2026-02-16 21:57:26,781 INFO o.a.j.t.JMeterThread: Thread is done: Stress Testing Group 2-7
2026-02-16 21:57:26,781 INFO o.a.j.t.JMeterThread: Thread finished: Stress Testing Group 2-7
2026-02-16 21:57:26,781 INFO o.a.j.t.JMeterThread: Thread is done: Load Testing Group 1-32
2026-02-16 21:57:26,782 INFO o.a.j.t.JMeterThread: Thread finished: Load Testing Group 1-3
2026-02-16 21:57:26,782 INFO o.a.j.t.JMeterThread: Thread finished: Load Testing Group 1-32
2026-02-16 21:57:26,790 INFO o.a.j.t.JMeterThread: Thread is done: Load Testing Group 1-11
2026-02-16 21:57:26,790 INFO o.a.j.t.JMeterThread: Thread finished: Load Testing Group 1-11
2026-02-16 21:57:26,790 INFO o.a.j.t.JMeterThread: Thread is done: Stress Testing Group 2-8
2026-02-16 21:57:26,790 INFO o.a.j.t.JMeterThread: Thread finished: Stress Testing Group 2-8
2026-02-16 21:57:26,790 INFO o.a.j.t.JMeterThread: Thread is done: Load Testing Group 1-22
2026-02-16 21:57:26,790 INFO o.a.j.t.JMeterThread: Thread finished: Load Testing Group 1-22
2026-02-16 21:57:26,790 INFO o.a.j.t.JMeterThread: Thread is done: Load Testing Group 1-38
2026-02-16 21:57:26,790 INFO o.a.j.t.JMeterThread: Thread finished: Load Testing Group 1-38
2026-02-16 21:57:26,821 INFO o.a.j.t.JMeterThread: Thread is done: Load Testing Group 1-33
2026-02-16 21:57:26,821 INFO o.a.j.t.JMeterThread: Thread finished: Load Testing Group 1-33
2026-02-16 21:57:26,837 INFO o.a.j.t.JMeterThread: Thread is done: Load Testing Group 1-18
2026-02-16 21:57:26,837 INFO o.a.j.t.JMeterThread: Thread finished: Load Testing Group 1-18
2026-02-16 21:57:26,837 INFO o.a.j.t.JMeterThread: Thread is done: Load Testing Group 1-27
2026-02-16 21:57:26,837 INFO o.a.j.t.JMeterThread: Thread finished: Load Testing Group 1-27
2026-02-16 21:57:26,861 INFO o.a.j.t.JMeterThread: Thread is done: Stress Testing Group 2-33
2026-02-16 21:57:26,861 INFO o.a.j.t.JMeterThread: Thread finished: Stress Testing Group 2-33
2026-02-16 21:57:26,863 INFO o.a.j.t.JMeterThread: Thread is done: Stress Testing Group 2-46
2026-02-16 21:57:26,864 INFO o.a.j.t.JMeterThread: Thread finished: Stress Testing Group 2-46
2026-02-16 21:57:26,907 INFO o.a.j.t.JMeterThread: Thread is done: Stress Testing Group 2-54
2026-02-16 21:57:26,907 INFO o.a.j.t.JMeterThread: Thread finished: Stress Testing Group 2-54
2026-02-16 21:57:26,907 INFO o.a.j.t.JMeterThread: Thread is done: Stress Testing Group 2-12
2026-02-16 21:57:26,907 INFO o.a.j.t.JMeterThread: Thread finished: Stress Testing Group 2-12
2026-02-16 21:57:26,907 INFO o.a.j.t.JMeterThread: Thread is done: Stress Testing Group 2-57
2026-02-16 21:57:26,907 INFO o.a.j.t.JMeterThread: Thread finished: Stress Testing Group 2-57
2026-02-16 21:57:26,907 INFO o.a.j.t.JMeterThread: Thread is done: Stress Testing Group 2-53
2026-02-16 21:57:26,907 INFO o.a.j.t.JMeterThread: Thread finished: Stress Testing Group 2-53
2026-02-16 21:57:26,907 INFO o.a.j.t.JMeterThread: Thread is done: Stress Testing Group 2-39
2026-02-16 21:57:26,907 INFO o.a.j.t.JMeterThread: Thread finished: Stress Testing Group 2-39
2026-02-16 21:57:26,922 INFO o.a.j.t.JMeterThread: Thread is done: Stress Testing Group 2-47
2026-02-16 21:57:26,922 INFO o.a.j.t.JMeterThread: Thread finished: Stress Testing Group 2-47
2026-02-16 21:57:26,922 INFO o.a.j.t.JMeterThread: Thread is done: Stress Testing Group 2-6
2026-02-16 21:57:26,922 INFO o.a.j.t.JMeterThread: Thread finished: Stress Testing Group 2-6
2026-02-16 21:57:26,922 INFO o.a.j.t.JMeterThread: Thread is done: Load Testing Group 1-16
2026-02-16 21:57:26,922 INFO o.a.j.t.JMeterThread: Thread finished: Load Testing Group 1-16
2026-02-16 21:57:26,938 INFO o.a.j.t.JMeterThread: Thread is done: Stress Testing Group 2-45
2026-02-16 21:57:26,938 INFO o.a.j.t.JMeterThread: Thread is done: Load Testing Group 1-12
2026-02-16 21:57:26,939 INFO o.a.j.t.JMeterThread: Thread finished: Stress Testing Group 2-45
2026-02-16 21:57:26,939 INFO o.a.j.t.JMeterThread: Thread finished: Load Testing Group 1-12
2026-02-16 21:57:26,972 INFO o.a.j.t.JMeterThread: Thread is done: Stress Testing Group 2-41
2026-02-16 21:57:26,972 INFO o.a.j.t.JMeterThread: Thread is done: Stress Testing Group 2-13
2026-02-16 21:57:26,972 INFO o.a.j.t.JMeterThread: Thread finished: Stress Testing Group 2-41
2026-02-16 21:57:26,973 INFO o.a.j.t.JMeterThread: Thread is done: Stress Testing Group 2-9
2026-02-16 21:57:26,973 INFO o.a.j.t.JMeterThread: Thread finished: Stress Testing Group 2-9
2026-02-16 21:57:26,974 INFO o.a.j.t.JMeterThread: Thread finished: Stress Testing Group 2-13
2026-02-16 21:57:26,975 INFO o.a.j.t.JMeterThread: Thread is done: Stress Testing Group 2-48
2026-02-16 21:57:26,975 INFO o.a.j.t.JMeterThread: Thread finished: Stress Testing Group 2-48
2026-02-16 21:57:26,979 INFO o.a.j.t.JMeterThread: Thread is done: Load Testing Group 1-26
2026-02-16 21:57:26,979 INFO o.a.j.t.JMeterThread: Thread finished: Load Testing Group 1-26
2026-02-16 21:57:26,980 INFO o.a.j.t.JMeterThread: Thread is done: Load Testing Group 1-24
2026-02-16 21:57:26,980 INFO o.a.j.t.JMeterThread: Thread finished: Load Testing Group 1-24
2026-02-16 21:57:26,990 INFO o.a.j.t.JMeterThread: Thread is done: Load Testing Group 1-7
2026-02-16 21:57:26,990 INFO o.a.j.t.JMeterThread: Thread finished: Load Testing Group 1-7
2026-02-16 21:57:26,992 INFO o.a.j.t.JMeterThread: Thread is done: Stress Testing Group 2-15
2026-02-16 21:57:26,992 INFO o.a.j.t.JMeterThread: Thread finished: Stress Testing Group 2-15
2026-02-16 21:57:26,992 INFO o.a.j.t.JMeterThread: Thread is done: Stress Testing Group 2-56
2026-02-16 21:57:26,992 INFO o.a.j.t.JMeterThread: Thread finished: Stress Testing Group 2-56
2026-02-16 21:57:27,021 INFO o.a.j.t.JMeterThread: Thread is done: Load Testing Group 1-2
2026-02-16 21:57:27,021 INFO o.a.j.t.JMeterThread: Thread finished: Load Testing Group 1-2
2026-02-16 21:57:27,023 INFO o.a.j.t.JMeterThread: Thread is done: Stress Testing Group 2-19
2026-02-16 21:57:27,023 INFO o.a.j.t.JMeterThread: Thread finished: Stress Testing Group 2-19
2026-02-16 21:57:27,023 INFO o.a.j.t.JMeterThread: Thread is done: Load Testing Group 1-19
2026-02-16 21:57:27,023 INFO o.a.j.t.JMeterThread: Thread finished: Load Testing Group 1-19
2026-02-16 21:57:27,027 INFO o.a.j.t.JMeterThread: Thread is done: Stress Testing Group 2-58
2026-02-16 21:57:27,027 INFO o.a.j.t.JMeterThread: Thread finished: Stress Testing Group 2-58
2026-02-16 21:57:27,027 INFO o.a.j.t.JMeterThread: Thread is done: Stress Testing Group 2-31
2026-02-16 21:57:27,027 INFO o.a.j.t.JMeterThread: Thread finished: Stress Testing Group 2-31
2026-02-16 21:57:27,033 INFO o.a.j.t.JMeterThread: Thread is done: Load Testing Group 1-9
2026-02-16 21:57:27,033 INFO o.a.j.t.JMeterThread: Thread finished: Load Testing Group 1-9
2026-02-16 21:57:27,053 INFO o.a.j.t.JMeterThread: Thread is done: Load Testing Group 1-23
2026-02-16 21:57:27,053 INFO o.a.j.t.JMeterThread: Thread finished: Load Testing Group 1-23
2026-02-16 21:57:27,061 INFO o.a.j.t.JMeterThread: Thread is done: Load Testing Group 1-25
2026-02-16 21:57:27,061 INFO o.a.j.t.JMeterThread: Thread finished: Load Testing Group 1-25
2026-02-16 21:57:27,094 INFO o.a.j.t.JMeterThread: Thread is done: Stress Testing Group 2-42
2026-02-16 21:57:27,094 INFO o.a.j.t.JMeterThread: Thread finished: Stress Testing Group 2-42
2026-02-16 21:57:27,094 INFO o.a.j.t.JMeterThread: Thread is done: Load Testing Group 1-5
2026-02-16 21:57:27,094 INFO o.a.j.t.JMeterThread: Thread finished: Load Testing Group 1-5
2026-02-16 21:57:27,125 INFO o.a.j.t.JMeterThread: Thread is done: Load Testing Group 1-17
2026-02-16 21:57:27,125 INFO o.a.j.t.JMeterThread: Thread finished: Load Testing Group 1-17
2026-02-16 21:57:27,126 INFO o.a.j.t.JMeterThread: Thread is done: Stress Testing Group 2-11
2026-02-16 21:57:27,126 INFO o.a.j.t.JMeterThread: Thread finished: Stress Testing Group 2-11
2026-02-16 21:57:27,126 INFO o.a.j.t.JMeterThread: Thread is done: Load Testing Group 1-30
2026-02-16 21:57:27,126 INFO o.a.j.t.JMeterThread: Thread finished: Load Testing Group 1-30
2026-02-16 21:57:27,126 INFO o.a.j.t.JMeterThread: Thread is done: Load Testing Group 1-35
2026-02-16 21:57:27,126 INFO o.a.j.t.JMeterThread: Thread finished: Load Testing Group 1-35
2026-02-16 21:57:27,126 INFO o.a.j.t.JMeterThread: Thread is done: Stress Testing Group 2-17
2026-02-16 21:57:27,126 INFO o.a.j.t.JMeterThread: Thread finished: Stress Testing Group 2-17
2026-02-16 21:57:27,126 INFO o.a.j.t.JMeterThread: Thread is done: Stress Testing Group 2-49
2026-02-16 21:57:27,126 INFO o.a.j.t.JMeterThread: Thread finished: Stress Testing Group 2-49
2026-02-16 21:57:27,126 INFO o.a.j.t.JMeterThread: Thread is done: Stress Testing Group 2-16
2026-02-16 21:57:27,126 INFO o.a.j.t.JMeterThread: Thread finished: Stress Testing Group 2-16
2026-02-16 21:57:27,126 INFO o.a.j.t.JMeterThread: Thread is done: Stress Testing Group 2-40
2026-02-16 21:57:27,126 INFO o.a.j.t.JMeterThread: Thread finished: Stress Testing Group 2-40
2026-02-16 21:57:27,135 INFO o.a.j.t.JMeterThread: Thread is done: Load Testing Group 1-6
2026-02-16 21:57:27,135 INFO o.a.j.t.JMeterThread: Thread finished: Load Testing Group 1-6
2026-02-16 21:57:27,137 INFO o.a.j.t.JMeterThread: Thread is done: Stress Testing Group 2-34
2026-02-16 21:57:27,137 INFO o.a.j.t.JMeterThread: Thread finished: Stress Testing Group 2-34
2026-02-16 21:57:27,137 INFO o.a.j.t.JMeterThread: Thread is done: Stress Testing Group 2-20
2026-02-16 21:57:27,137 INFO o.a.j.t.JMeterThread: Thread finished: Stress Testing Group 2-20
2026-02-16 21:57:27,186 INFO o.a.j.t.JMeterThread: Thread is done: Load Testing Group 1-10
2026-02-16 21:57:27,186 INFO o.a.j.t.JMeterThread: Thread finished: Load Testing Group 1-10
2026-02-16 21:57:27,196 INFO o.a.j.t.JMeterThread: Thread is done: Load Testing Group 1-39
2026-02-16 21:57:27,196 INFO o.a.j.t.JMeterThread: Thread finished: Load Testing Group 1-39
2026-02-16 21:57:27,232 INFO o.a.j.t.JMeterThread: Thread is done: Stress Testing Group 2-24
2026-02-16 21:57:27,232 INFO o.a.j.t.JMeterThread: Thread finished: Stress Testing Group 2-24
2026-02-16 21:57:27,263 INFO o.a.j.t.JMeterThread: Thread is done: Stress Testing Group 2-37
2026-02-16 21:57:27,263 INFO o.a.j.t.JMeterThread: Thread finished: Stress Testing Group 2-37
2026-02-16 21:57:27,263 INFO o.a.j.t.JMeterThread: Thread is done: Stress Testing Group 2-10
2026-02-16 21:57:27,263 INFO o.a.j.t.JMeterThread: Thread finished: Stress Testing Group 2-10
2026-02-16 21:57:27,279 INFO o.a.j.t.JMeterThread: Thread is done: Stress Testing Group 2-1
2026-02-16 21:57:27,279 INFO o.a.j.t.JMeterThread: Thread finished: Stress Testing Group 2-1
2026-02-16 21:57:27,306 INFO o.a.j.t.JMeterThread: Thread is done: Stress Testing Group 2-3
2026-02-16 21:57:27,306 INFO o.a.j.t.JMeterThread: Thread finished: Stress Testing Group 2-3
2026-02-16 21:57:27,321 INFO o.a.j.t.JMeterThread: Thread is done: Load Testing Group 1-37
2026-02-16 21:57:27,321 INFO o.a.j.t.JMeterThread: Thread finished: Load Testing Group 1-37
2026-02-16 21:57:27,368 INFO o.a.j.t.JMeterThread: Thread is done: Stress Testing Group 2-23
2026-02-16 21:57:27,368 INFO o.a.j.t.JMeterThread: Thread finished: Stress Testing Group 2-23
2026-02-16 21:57:27,430 INFO o.a.j.t.JMeterThread: Thread is done: Stress Testing Group 2-26
2026-02-16 21:57:27,431 INFO o.a.j.t.JMeterThread: Thread finished: Stress Testing Group 2-26
2026-02-16 21:57:27,854 INFO o.a.j.t.JMeterThread: Thread is done: Stress Testing Group 2-14
2026-02-16 21:57:27,854 INFO o.a.j.t.JMeterThread: Thread finished: Stress Testing Group 2-14
2026-02-16 21:57:27,984 INFO o.a.j.t.JMeterThread: Thread is done: Stress Testing Group 2-60
2026-02-16 21:57:27,984 INFO o.a.j.t.JMeterThread: Thread finished: Stress Testing Group 2-60
2026-02-16 21:57:28,070 INFO o.a.j.t.JMeterThread: Thread is done: Load Testing Group 1-14
2026-02-16 21:57:28,070 INFO o.a.j.t.JMeterThread: Thread finished: Load Testing Group 1-14
2026-02-16 21:57:28,124 INFO o.a.j.t.JMeterThread: Thread is done: Stress Testing Group 2-18
2026-02-16 21:57:28,124 INFO o.a.j.t.JMeterThread: Thread finished: Stress Testing Group 2-18
2026-02-16 21:57:30,014 INFO o.a.j.r.Summariser: summary +    748 in 00:00:13 =   58.4/s Avg:  1836 Min:   272 Max:  8855 Err:     0 (0.00%) Active: 40 Started: 140 Finished: 100
2026-02-16 21:58:00,016 INFO o.a.j.r.Summariser: summary +   3671 in 00:00:30 =  122.4/s Avg:   326 Min:   267 Max:  1810 Err:     0 (0.00%) Active: 40 Started: 140 Finished: 100
2026-02-16 21:58:00,336 INFO o.a.j.r.Summariser: summary =   4419 in 00:00:43 =  103.3/s Avg:   582 Min:   267 Max:  8855 Err:     0 (0.00%)
2026-02-16 21:58:30,013 INFO o.a.j.r.Summariser: summary +   3553 in 00:00:30 =  118.4/s Avg:   337 Min:   263 Max:  1714 Err:     0 (0.00%) Active: 40 Started: 140 Finished: 100
2026-02-16 21:58:30,014 INFO o.a.j.r.Summariser: summary =   7972 in 00:01:13 =  109.5/s Avg:   473 Min:   263 Max:  8855 Err:     0 (0.00%)
2026-02-16 21:58:57,369 INFO o.a.j.t.JMeterThread: Stopping because end time detected by thread: Soak Testing Group 3-23
2026-02-16 21:58:57,369 INFO o.a.j.t.JMeterThread: Thread finished: Soak Testing Group 3-23
2026-02-16 21:58:57,371 INFO o.a.j.t.JMeterThread: Stopping because end time detected by thread: Soak Testing Group 3-3
2026-02-16 21:58:57,371 INFO o.a.j.t.JMeterThread: Thread finished: Soak Testing Group 3-3
2026-02-16 21:58:57,384 INFO o.a.j.t.JMeterThread: Stopping because end time detected by thread: Soak Testing Group 3-11
2026-02-16 21:58:57,384 INFO o.a.j.t.JMeterThread: Thread finished: Soak Testing Group 3-11
2026-02-16 21:58:57,396 INFO o.a.j.t.JMeterThread: Stopping because end time detected by thread: Soak Testing Group 3-37
2026-02-16 21:58:57,396 INFO o.a.j.t.JMeterThread: Thread finished: Soak Testing Group 3-37
2026-02-16 21:58:57,436 INFO o.a.j.t.JMeterThread: Stopping because end time detected by thread: Soak Testing Group 3-8
2026-02-16 21:58:57,436 INFO o.a.j.t.JMeterThread: Thread finished: Soak Testing Group 3-8
2026-02-16 21:58:57,439 INFO o.a.j.t.JMeterThread: Stopping because end time detected by thread: Soak Testing Group 3-19
2026-02-16 21:58:57,439 INFO o.a.j.t.JMeterThread: Thread finished: Soak Testing Group 3-19
2026-02-16 21:58:57,439 INFO o.a.j.t.JMeterThread: Stopping because end time detected by thread: Soak Testing Group 3-1
2026-02-16 21:58:57,439 INFO o.a.j.t.JMeterThread: Thread finished: Soak Testing Group 3-1
2026-02-16 21:58:57,445 INFO o.a.j.t.JMeterThread: Stopping because end time detected by thread: Soak Testing Group 3-15
2026-02-16 21:58:57,445 INFO o.a.j.t.JMeterThread: Thread finished: Soak Testing Group 3-15
2026-02-16 21:58:57,452 INFO o.a.j.t.JMeterThread: Stopping because end time detected by thread: Soak Testing Group 3-31
2026-02-16 21:58:57,452 INFO o.a.j.t.JMeterThread: Thread finished: Soak Testing Group 3-31
2026-02-16 21:58:57,459 INFO o.a.j.t.JMeterThread: Stopping because end time detected by thread: Soak Testing Group 3-29
2026-02-16 21:58:57,459 INFO o.a.j.t.JMeterThread: Thread finished: Soak Testing Group 3-29
2026-02-16 21:58:57,463 INFO o.a.j.t.JMeterThread: Stopping because end time detected by thread: Soak Testing Group 3-33
2026-02-16 21:58:57,463 INFO o.a.j.t.JMeterThread: Thread finished: Soak Testing Group 3-33
2026-02-16 21:58:57,463 INFO o.a.j.t.JMeterThread: Stopping because end time detected by thread: Soak Testing Group 3-9
2026-02-16 21:58:57,463 INFO o.a.j.t.JMeterThread: Thread finished: Soak Testing Group 3-9
2026-02-16 21:58:57,468 INFO o.a.j.t.JMeterThread: Stopping because end time detected by thread: Soak Testing Group 3-28
2026-02-16 21:58:57,468 INFO o.a.j.t.JMeterThread: Thread finished: Soak Testing Group 3-28
2026-02-16 21:58:57,470 INFO o.a.j.t.JMeterThread: Stopping because end time detected by thread: Soak Testing Group 3-25
2026-02-16 21:58:57,470 INFO o.a.j.t.JMeterThread: Stopping because end time detected by thread: Soak Testing Group 3-18
2026-02-16 21:58:57,470 INFO o.a.j.t.JMeterThread: Thread finished: Soak Testing Group 3-25
2026-02-16 21:58:57,471 INFO o.a.j.t.JMeterThread: Thread finished: Soak Testing Group 3-18
2026-02-16 21:58:57,506 INFO o.a.j.t.JMeterThread: Stopping because end time detected by thread: Soak Testing Group 3-7
2026-02-16 21:58:57,506 INFO o.a.j.t.JMeterThread: Thread finished: Soak Testing Group 3-7
2026-02-16 21:58:57,520 INFO o.a.j.t.JMeterThread: Stopping because end time detected by thread: Soak Testing Group 3-20
2026-02-16 21:58:57,520 INFO o.a.j.t.JMeterThread: Stopping because end time detected by thread: Soak Testing Group 3-30
2026-02-16 21:58:57,521 INFO o.a.j.t.JMeterThread: Thread finished: Soak Testing Group 3-20
2026-02-16 21:58:57,521 INFO o.a.j.t.JMeterThread: Thread finished: Soak Testing Group 3-30
2026-02-16 21:58:57,543 INFO o.a.j.t.JMeterThread: Stopping because end time detected by thread: Soak Testing Group 3-14
2026-02-16 21:58:57,543 INFO o.a.j.t.JMeterThread: Thread finished: Soak Testing Group 3-14
2026-02-16 21:58:57,545 INFO o.a.j.t.JMeterThread: Stopping because end time detected by thread: Soak Testing Group 3-5
2026-02-16 21:58:57,545 INFO o.a.j.t.JMeterThread: Thread finished: Soak Testing Group 3-5
2026-02-16 21:58:57,576 INFO o.a.j.t.JMeterThread: Stopping because end time detected by thread: Soak Testing Group 3-38
2026-02-16 21:58:57,576 INFO o.a.j.t.JMeterThread: Stopping because end time detected by thread: Soak Testing Group 3-27
2026-02-16 21:58:57,576 INFO o.a.j.t.JMeterThread: Stopping because end time detected by thread: Soak Testing Group 3-39
2026-02-16 21:58:57,576 INFO o.a.j.t.JMeterThread: Thread finished: Soak Testing Group 3-38
2026-02-16 21:58:57,576 INFO o.a.j.t.JMeterThread: Thread finished: Soak Testing Group 3-39
2026-02-16 21:58:57,576 INFO o.a.j.t.JMeterThread: Thread finished: Soak Testing Group 3-27
2026-02-16 21:58:57,578 INFO o.a.j.t.JMeterThread: Stopping because end time detected by thread: Soak Testing Group 3-17
2026-02-16 21:58:57,578 INFO o.a.j.t.JMeterThread: Thread finished: Soak Testing Group 3-17
2026-02-16 21:58:57,588 INFO o.a.j.t.JMeterThread: Stopping because end time detected by thread: Soak Testing Group 3-35
2026-02-16 21:58:57,588 INFO o.a.j.t.JMeterThread: Thread finished: Soak Testing Group 3-35
2026-02-16 21:58:57,589 INFO o.a.j.t.JMeterThread: Stopping because end time detected by thread: Soak Testing Group 3-10
2026-02-16 21:58:57,590 INFO o.a.j.t.JMeterThread: Thread finished: Soak Testing Group 3-10
2026-02-16 21:58:57,592 INFO o.a.j.t.JMeterThread: Stopping because end time detected by thread: Soak Testing Group 3-32
2026-02-16 21:58:57,593 INFO o.a.j.t.JMeterThread: Thread finished: Soak Testing Group 3-32
2026-02-16 21:58:57,594 INFO o.a.j.t.JMeterThread: Stopping because end time detected by thread: Soak Testing Group 3-13
2026-02-16 21:58:57,595 INFO o.a.j.t.JMeterThread: Thread finished: Soak Testing Group 3-13
2026-02-16 21:58:57,596 INFO o.a.j.t.JMeterThread: Stopping because end time detected by thread: Soak Testing Group 3-21
2026-02-16 21:58:57,596 INFO o.a.j.t.JMeterThread: Thread finished: Soak Testing Group 3-21
2026-02-16 21:58:57,597 INFO o.a.j.t.JMeterThread: Stopping because end time detected by thread: Soak Testing Group 3-4
2026-02-16 21:58:57,597 INFO o.a.j.t.JMeterThread: Thread finished: Soak Testing Group 3-4
2026-02-16 21:58:57,612 INFO o.a.j.t.JMeterThread: Stopping because end time detected by thread: Soak Testing Group 3-12
2026-02-16 21:58:57,612 INFO o.a.j.t.JMeterThread: Thread finished: Soak Testing Group 3-12
2026-02-16 21:58:57,618 INFO o.a.j.t.JMeterThread: Stopping because end time detected by thread: Soak Testing Group 3-36
2026-02-16 21:58:57,618 INFO o.a.j.t.JMeterThread: Stopping because end time detected by thread: Soak Testing Group 3-24
2026-02-16 21:58:57,618 INFO o.a.j.t.JMeterThread: Thread finished: Soak Testing Group 3-36
2026-02-16 21:58:57,618 INFO o.a.j.t.JMeterThread: Thread finished: Soak Testing Group 3-24
2026-02-16 21:58:57,627 INFO o.a.j.t.JMeterThread: Stopping because end time detected by thread: Soak Testing Group 3-6
2026-02-16 21:58:57,627 INFO o.a.j.t.JMeterThread: Thread finished: Soak Testing Group 3-6
2026-02-16 21:58:57,643 INFO o.a.j.t.JMeterThread: Stopping because end time detected by thread: Soak Testing Group 3-16
2026-02-16 21:58:57,643 INFO o.a.j.t.JMeterThread: Thread finished: Soak Testing Group 3-16
2026-02-16 21:58:57,644 INFO o.a.j.t.JMeterThread: Stopping because end time detected by thread: Soak Testing Group 3-22
2026-02-16 21:58:57,644 INFO o.a.j.t.JMeterThread: Thread finished: Soak Testing Group 3-22
2026-02-16 21:58:57,663 INFO o.a.j.t.JMeterThread: Stopping because end time detected by thread: Soak Testing Group 3-26
2026-02-16 21:58:57,663 INFO o.a.j.t.JMeterThread: Stopping because end time detected by thread: Soak Testing Group 3-34
2026-02-16 21:58:57,664 INFO o.a.j.t.JMeterThread: Thread finished: Soak Testing Group 3-26
2026-02-16 21:58:57,664 INFO o.a.j.t.JMeterThread: Thread finished: Soak Testing Group 3-34
2026-02-16 21:58:57,689 INFO o.a.j.t.JMeterThread: Stopping because end time detected by thread: Soak Testing Group 3-40
2026-02-16 21:58:57,690 INFO o.a.j.t.JMeterThread: Thread finished: Soak Testing Group 3-40
2026-02-16 21:58:57,695 INFO o.a.j.t.JMeterThread: Stopping because end time detected by thread: Soak Testing Group 3-2
2026-02-16 21:58:57,695 INFO o.a.j.t.JMeterThread: Thread finished: Soak Testing Group 3-2
2026-02-16 21:58:57,696 INFO o.a.j.e.StandardJMeterEngine: Notifying test listeners of end of test
2026-02-16 21:58:57,697 INFO o.a.j.r.Summariser: summary +   2835 in 00:00:28 =  102.4/s Avg:   390 Min:   269 Max:  5485 Err:     0 (0.00%) Active: 0 Started: 140 Finished: 140
2026-02-16 21:58:57,697 INFO o.a.j.r.Summariser: summary =  10807 in 00:01:40 =  107.5/s Avg:   451 Min:   263 Max:  8855 Err:     0 (0.00%)
2026-02-16 21:58:57,698 INFO o.a.j.JMeter: Generating Dashboard
2026-02-16 21:58:57,698 INFO o.a.j.r.d.ReportGenerator: Flushing result collector before report Generation
2026-02-16 21:58:59,387 INFO o.a.j.r.p.NormalizerSampleConsumer: Using format, 'ms', to parse timeStamp field
2026-02-16 21:59:01,031 INFO o.a.j.r.p.AbstractSampleConsumer: class org.apache.jmeter.report.processor.AggregateConsumer#stopProducing(): beginDate produced 0 samples
2026-02-16 21:59:01,031 INFO o.a.j.r.p.AbstractSampleConsumer: class org.apache.jmeter.report.processor.AggregateConsumer#stopProducing(): endDate produced 0 samples
2026-02-16 21:59:01,037 INFO o.a.j.r.p.AbstractSampleConsumer: class org.apache.jmeter.report.processor.ApdexSummaryConsumer#stopProducing(): apdexSummary produced 0 samples
2026-02-16 21:59:01,037 INFO o.a.j.r.p.AbstractSampleConsumer: class org.apache.jmeter.report.processor.RequestsSummaryConsumer#stopProducing(): requestsSummary produced 0 samples
2026-02-16 21:59:01,159 INFO o.a.j.r.p.AbstractSampleConsumer: class org.apache.jmeter.report.processor.StatisticsSummaryConsumer#stopProducing(): statisticsSummary produced 0 samples
2026-02-16 21:59:01,197 INFO o.a.j.r.p.AbstractSampleConsumer: class org.apache.jmeter.report.processor.Top5ErrorsBySamplerConsumer#stopProducing(): top5ErrorsBySampler produced 0 samples
2026-02-16 21:59:01,197 INFO o.a.j.r.p.AbstractSampleConsumer: class org.apache.jmeter.report.processor.ErrorsSummaryConsumer#stopProducing(): errorsSummary produced 0 samples
2026-02-16 21:59:01,197 INFO o.a.j.r.p.AbstractSampleConsumer: class org.apache.jmeter.report.processor.graph.impl.HitsPerSecondGraphConsumer#stopProducing(): hitsPerSecond produced 0 samples
2026-02-16 21:59:01,643 INFO o.a.j.r.p.AbstractSampleConsumer: class org.apache.jmeter.report.processor.graph.impl.LatencyVSRequestGraphConsumer#stopProducing(): latencyVsRequest produced 0 samples
2026-02-16 21:59:01,645 INFO o.a.j.r.p.AbstractSampleConsumer: class org.apache.jmeter.report.processor.graph.impl.SyntheticResponseTimeDistributionGraphConsumer#stopProducing(): syntheticResponseTimeDistribution produced 0 samples
2026-02-16 21:59:01,646 INFO o.a.j.r.p.AbstractSampleConsumer: class org.apache.jmeter.report.processor.graph.impl.BytesThroughputGraphConsumer#stopProducing(): bytesThroughputOverTime produced 0 samples
2026-02-16 21:59:01,646 INFO o.a.j.r.p.AbstractSampleConsumer: class org.apache.jmeter.report.processor.graph.impl.CodesPerSecondGraphConsumer#stopProducing(): codesPerSecond produced 0 samples
2026-02-16 21:59:01,761 INFO o.a.j.r.p.AbstractSampleConsumer: class org.apache.jmeter.report.processor.graph.impl.ResponseTimeVSRequestGraphConsumer#stopProducing(): responseTimeVsRequest produced 0 samples
2026-02-16 21:59:01,762 INFO o.a.j.r.p.AbstractSampleConsumer: class org.apache.jmeter.report.processor.FilterConsumer#stopProducing(): startIntervalControlerFilter produced 75649 samples
2026-02-16 21:59:01,762 INFO o.a.j.r.p.AbstractSampleConsumer: class org.apache.jmeter.report.processor.graph.impl.TotalTPSGraphConsumer#stopProducing(): totalTPS produced 0 samples
2026-02-16 21:59:01,762 INFO o.a.j.r.p.AbstractSampleConsumer: class org.apache.jmeter.report.processor.graph.impl.ActiveThreadsGraphConsumer#stopProducing(): activeThreadsOverTime produced 0 samples
2026-02-16 21:59:01,762 INFO o.a.j.r.p.AbstractSampleConsumer: class org.apache.jmeter.report.processor.graph.impl.TimeVSThreadGraphConsumer#stopProducing(): timeVsThreads produced 0 samples
2026-02-16 21:59:01,762 INFO o.a.j.r.p.AbstractSampleConsumer: class org.apache.jmeter.report.processor.graph.impl.ResponseTimeDistributionGraphConsumer#stopProducing(): responseTimeDistribution produced 0 samples
2026-02-16 21:59:01,762 INFO o.a.j.r.p.AbstractSampleConsumer: class org.apache.jmeter.report.processor.graph.impl.TransactionsPerSecondGraphConsumer#stopProducing(): transactionsPerSecond produced 0 samples
2026-02-16 21:59:01,762 INFO o.a.j.r.p.AbstractSampleConsumer: class org.apache.jmeter.report.processor.graph.impl.ResponseTimePercentilesGraphConsumer#stopProducing(): responseTimePercentiles produced 0 samples
2026-02-16 21:59:01,762 INFO o.a.j.r.p.AbstractSampleConsumer: class org.apache.jmeter.report.processor.graph.impl.ResponseTimePercentilesOverTimeGraphConsumer#stopProducing(): responseTimePercentilesOverTime produced 0 samples
2026-02-16 21:59:01,762 INFO o.a.j.r.p.AbstractSampleConsumer: class org.apache.jmeter.report.processor.graph.impl.ResponseTimeOverTimeGraphConsumer#stopProducing(): responseTimesOverTime produced 0 samples
2026-02-16 21:59:01,762 INFO o.a.j.r.p.AbstractSampleConsumer: class org.apache.jmeter.report.processor.graph.impl.ConnectTimeOverTimeGraphConsumer#stopProducing(): connectTimeOverTime produced 0 samples
2026-02-16 21:59:01,762 INFO o.a.j.r.p.AbstractSampleConsumer: class org.apache.jmeter.report.processor.graph.impl.LatencyOverTimeGraphConsumer#stopProducing(): latenciesOverTime produced 0 samples
2026-02-16 21:59:01,762 INFO o.a.j.r.p.AbstractSampleConsumer: class org.apache.jmeter.report.processor.FilterConsumer#stopProducing(): nameFilter produced 162105 samples
2026-02-16 21:59:01,762 INFO o.a.j.r.p.AbstractSampleConsumer: class org.apache.jmeter.report.processor.FilterConsumer#stopProducing(): dateRangeFilter produced 32421 samples
2026-02-16 21:59:01,762 INFO o.a.j.r.p.AbstractSampleConsumer: class org.apache.jmeter.report.processor.NormalizerSampleConsumer#stopProducing(): normalizer produced 10807 samples
2026-02-16 21:59:01,762 INFO o.a.j.r.p.CsvFileSampleSource: produce(): 10807 samples produced in 2s 168 ms on channel 0
2026-02-16 21:59:01,762 INFO o.a.j.r.d.ReportGenerator: Exporting data using exporter:'json' of className:'org.apache.jmeter.report.dashboard.JsonExporter'
2026-02-16 21:59:01,908 INFO o.a.j.r.d.JsonExporter: Found data for consumer statisticsSummaryin context
2026-02-16 21:59:01,908 INFO o.a.j.r.d.JsonExporter: Creating statistics for overall
2026-02-16 21:59:01,909 INFO o.a.j.r.d.JsonExporter: Creating statistics for other transactions
2026-02-16 21:59:01,910 INFO o.a.j.r.d.JsonExporter: Checking output folder
2026-02-16 21:59:01,910 INFO o.a.j.r.d.JsonExporter: Writing statistics JSON to C:\Users\Queen\Desktop\blazeDemo\report\statistics.json
2026-02-16 21:59:02,149 INFO o.a.j.r.d.ReportGenerator: Exporting data using exporter:'html' of className:'org.apache.jmeter.report.dashboard.HtmlTemplateExporter'
2026-02-16 21:59:02,152 INFO o.a.j.r.d.HtmlTemplateExporter: Will generate dashboard in folder: C:\Users\Queen\Desktop\blazeDemo\report
2026-02-16 21:59:03,810 INFO o.a.j.r.d.HtmlTemplateExporter: Report will be generated in: C:\Users\Queen\Desktop\blazeDemo\report, creating folder structure
2026-02-16 21:59:03,944 INFO o.a.j.r.d.TemplateVisitor: Copying folder from 'D:\apache-jmeter-5.6.3\apache-jmeter-5.6.3\bin\report-template' to 'C:\Users\Queen\Desktop\blazeDemo\report', got message: C:\Users\Queen\Desktop\blazeDemo\report, found non empty folder with following content [C:\Users\Queen\Desktop\blazeDemo\report\statistics.json], will be ignored
2026-02-16 21:59:22,167 INFO o.a.j.JMeter: Dashboard generated
