2026-02-13 03:18:51,689 INFO o.a.j.u.JMeterUtils: Setting Locale to en_EN
2026-02-13 03:18:52,280 INFO o.a.j.JMeter: Loading user properties from: D:\apache-jmeter-5.6.3\apache-jmeter-5.6.3\bin\user.properties
2026-02-13 03:18:52,320 INFO o.a.j.JMeter: Loading system properties from: D:\apache-jmeter-5.6.3\apache-jmeter-5.6.3\bin\system.properties
2026-02-13 03:18:52,330 INFO o.a.j.JMeter: Copyright (c) 1998-2024 The Apache Software Foundation
2026-02-13 03:18:52,330 INFO o.a.j.JMeter: Version 5.6.3
2026-02-13 03:18:52,330 INFO o.a.j.JMeter: java.version=21.0.8
2026-02-13 03:18:52,330 INFO o.a.j.JMeter: java.vm.name=Java HotSpot(TM) 64-Bit Server VM
2026-02-13 03:18:52,331 INFO o.a.j.JMeter: os.name=Windows 10
2026-02-13 03:18:52,331 INFO o.a.j.JMeter: os.arch=amd64
2026-02-13 03:18:52,331 INFO o.a.j.JMeter: os.version=10.0
2026-02-13 03:18:52,331 INFO o.a.j.JMeter: file.encoding=UTF-8
2026-02-13 03:18:52,331 INFO o.a.j.JMeter: java.awt.headless=true
2026-02-13 03:18:52,331 INFO o.a.j.JMeter: Max memory     =1073741824
2026-02-13 03:18:52,331 INFO o.a.j.JMeter: Available Processors =4
2026-02-13 03:18:52,342 INFO o.a.j.JMeter: Default Locale=English (EN)
2026-02-13 03:18:52,343 INFO o.a.j.JMeter: JMeter  Locale=English (EN)
2026-02-13 03:18:52,343 INFO o.a.j.JMeter: JMeterHome=D:\apache-jmeter-5.6.3\apache-jmeter-5.6.3
2026-02-13 03:18:52,343 INFO o.a.j.JMeter: user.dir  =C:\Users\Queen\Desktop\TodoList
2026-02-13 03:18:52,343 INFO o.a.j.JMeter: PWD       =C:\Users\Queen\Desktop\TodoList
2026-02-13 03:18:52,344 INFO o.a.j.JMeter: IP: 192.168.159.1 Name: DESKTOP-0LR1DHF FullName: DESKTOP-0LR1DHF
2026-02-13 03:18:52,361 INFO o.a.j.JMeter: Setting property 'jmeter.reportgenerator.outputdir' to:'C:\Users\Queen\Desktop\TodoList\report'
2026-02-13 03:18:52,364 INFO o.a.j.s.FileServer: Default base='C:\Users\Queen\Desktop\TodoList'
2026-02-13 03:18:52,365 INFO o.a.j.s.FileServer: Set new base='C:\Users\Queen\Desktop\TodoList'
2026-02-13 03:18:52,641 INFO o.a.j.s.SaveService: Testplan (JMX) version: 2.2. Testlog (JTL) version: 2.2
2026-02-13 03:18:52,699 INFO o.a.j.s.SaveService: Using SaveService properties version 5.0
2026-02-13 03:18:52,703 INFO o.a.j.s.SaveService: Using SaveService properties file encoding UTF-8
2026-02-13 03:18:52,706 INFO o.a.j.s.SaveService: Loading file: TodoProject.jmx
2026-02-13 03:18:52,873 INFO o.a.j.p.h.s.HTTPSamplerBase: Parser for text/html is org.apache.jmeter.protocol.http.parser.LagartoBasedHtmlParser
2026-02-13 03:18:52,873 INFO o.a.j.p.h.s.HTTPSamplerBase: Parser for application/xhtml+xml is org.apache.jmeter.protocol.http.parser.LagartoBasedHtmlParser
2026-02-13 03:18:52,873 INFO o.a.j.p.h.s.HTTPSamplerBase: Parser for application/xml is org.apache.jmeter.protocol.http.parser.LagartoBasedHtmlParser
2026-02-13 03:18:52,873 INFO o.a.j.p.h.s.HTTPSamplerBase: Parser for text/xml is org.apache.jmeter.protocol.http.parser.LagartoBasedHtmlParser
2026-02-13 03:18:52,873 INFO o.a.j.p.h.s.HTTPSamplerBase: Parser for text/vnd.wap.wml is org.apache.jmeter.protocol.http.parser.RegexpHTMLParser
2026-02-13 03:18:52,873 INFO o.a.j.p.h.s.HTTPSamplerBase: Parser for text/css is org.apache.jmeter.protocol.http.parser.CssParser
2026-02-13 03:18:52,928 INFO o.a.j.JMeter: Creating summariser <summary>
2026-02-13 03:18:52,935 INFO o.a.j.r.d.ReportGenerator: ReportGenerator will use for Parsing the separator: ','
2026-02-13 03:18:52,936 INFO o.a.j.r.d.ReportGenerator: Will generate report at end of test from  results file: result.csv
2026-02-13 03:18:52,936 INFO o.a.j.r.d.ReportGenerator: Reading report generator properties from: D:\apache-jmeter-5.6.3\apache-jmeter-5.6.3\bin\reportgenerator.properties
2026-02-13 03:18:52,961 INFO o.a.j.r.d.ReportGenerator: Merging with JMeter properties
2026-02-13 03:18:52,966 INFO o.a.j.r.c.ReportGeneratorConfiguration: Property 'jmeter.reportgenerator.temp_dir' not found, using default value 'temp' instead.
2026-02-13 03:18:52,969 INFO o.a.j.r.c.ReportGeneratorConfiguration: Property 'jmeter.reportgenerator.apdex_per_transaction' not found, using default value 'null' instead.
2026-02-13 03:18:52,969 INFO o.a.j.r.c.ReportGeneratorConfiguration: apdex_per_transaction is empty, not APDEX per transaction customization
2026-02-13 03:18:52,970 INFO o.a.j.r.c.ReportGeneratorConfiguration: Property 'jmeter.reportgenerator.sample_filter' not found, using default value 'null' instead.
2026-02-13 03:18:52,970 INFO o.a.j.r.c.ReportGeneratorConfiguration: Property 'jmeter.reportgenerator.report_title' not found, using default value 'null' instead.
2026-02-13 03:18:52,970 INFO o.a.j.r.c.ReportGeneratorConfiguration: Property 'jmeter.reportgenerator.start_date' not found, using default value 'null' instead.
2026-02-13 03:18:52,970 INFO o.a.j.r.c.ReportGeneratorConfiguration: Property 'jmeter.reportgenerator.end_date' not found, using default value 'null' instead.
2026-02-13 03:18:52,970 INFO o.a.j.r.c.ReportGeneratorConfiguration: Property 'jmeter.reportgenerator.date_format' not found, using default value 'null' instead.
2026-02-13 03:18:52,971 INFO o.a.j.r.c.ReportGeneratorConfiguration: Will use date range start date: null, end date: null
2026-02-13 03:18:52,975 INFO o.a.j.r.c.ReportGeneratorConfiguration: Property 'jmeter.reportgenerator.graph.totalTPS.exclude_controllers' not found, using default value 'false' instead.
2026-02-13 03:18:52,975 INFO o.a.j.r.c.ReportGeneratorConfiguration: Property 'jmeter.reportgenerator.graph.activeThreadsOverTime.exclude_controllers' not found, using default value 'false' instead.
2026-02-13 03:18:52,975 INFO o.a.j.r.c.ReportGeneratorConfiguration: Property 'jmeter.reportgenerator.graph.timeVsThreads.exclude_controllers' not found, using default value 'false' instead.
2026-02-13 03:18:52,975 INFO o.a.j.r.c.ReportGeneratorConfiguration: Property 'jmeter.reportgenerator.graph.responseTimeDistribution.exclude_controllers' not found, using default value 'false' instead.
2026-02-13 03:18:52,975 INFO o.a.j.r.c.ReportGeneratorConfiguration: Property 'jmeter.reportgenerator.graph.transactionsPerSecond.exclude_controllers' not found, using default value 'false' instead.
2026-02-13 03:18:52,976 INFO o.a.j.r.c.ReportGeneratorConfiguration: Property 'jmeter.reportgenerator.graph.responseTimePercentiles.exclude_controllers' not found, using default value 'false' instead.
2026-02-13 03:18:52,976 INFO o.a.j.r.c.ReportGeneratorConfiguration: Property 'jmeter.reportgenerator.graph.responseTimePercentilesOverTime.exclude_controllers' not found, using default value 'false' instead.
2026-02-13 03:18:52,976 INFO o.a.j.r.c.ReportGeneratorConfiguration: Property 'jmeter.reportgenerator.graph.responseTimesOverTime.exclude_controllers' not found, using default value 'false' instead.
2026-02-13 03:18:52,976 INFO o.a.j.r.c.ReportGeneratorConfiguration: Property 'jmeter.reportgenerator.graph.connectTimeOverTime.exclude_controllers' not found, using default value 'false' instead.
2026-02-13 03:18:52,976 INFO o.a.j.r.c.ReportGeneratorConfiguration: Property 'jmeter.reportgenerator.graph.latenciesOverTime.exclude_controllers' not found, using default value 'false' instead.
2026-02-13 03:18:52,977 INFO o.a.j.r.c.ReportGeneratorConfiguration: Property 'jmeter.reportgenerator.exporter.json.filters_only_sample_series' not found, using default value 'true' instead.
2026-02-13 03:18:52,977 INFO o.a.j.r.c.ReportGeneratorConfiguration: Property 'jmeter.reportgenerator.exporter.json.series_filter' not found, using default value '' instead.
2026-02-13 03:18:52,977 INFO o.a.j.r.c.ReportGeneratorConfiguration: Property 'jmeter.reportgenerator.exporter.json.show_controllers_only' not found, using default value 'false' instead.
2026-02-13 03:18:52,978 INFO o.a.j.r.c.ReportGeneratorConfiguration: Property 'jmeter.reportgenerator.exporter.html.filters_only_sample_series' not found, using default value 'true' instead.
2026-02-13 03:18:52,978 INFO o.a.j.r.c.ReportGeneratorConfiguration: Property 'jmeter.reportgenerator.exporter.html.series_filter' not found, using default value '' instead.
2026-02-13 03:18:52,978 INFO o.a.j.r.c.ReportGeneratorConfiguration: Property 'jmeter.reportgenerator.exporter.html.show_controllers_only' not found, using default value 'false' instead.
2026-02-13 03:18:52,997 INFO o.a.j.e.StandardJMeterEngine: Running the test!
2026-02-13 03:18:52,998 INFO o.a.j.s.SampleEvent: List of sample_variables: []
2026-02-13 03:18:52,998 INFO o.a.j.s.SampleEvent: List of sample_variables: []
2026-02-13 03:18:53,008 INFO o.a.j.e.u.CompoundVariable: Note: Function class names must contain the string: '.functions.'
2026-02-13 03:18:53,008 INFO o.a.j.e.u.CompoundVariable: Note: Function class names must not contain the string: '.gui.'
2026-02-13 03:18:53,087 INFO o.a.j.r.ClassFinder: Will scan jar D:\apache-jmeter-5.6.3\apache-jmeter-5.6.3\lib\ext\jmeter-plugins-casutg-3.1.1.jar with filter ExtendsClassFilter [parents=[interface org.apache.jmeter.functions.Function], inner=false, contains=null, notContains=null]. Consider exposing JMeter plugins via META-INF/services, and add JMeter-Skip-Class-Scanning=true manifest attribute so JMeter can skip classfile scanning
2026-02-13 03:18:53,102 INFO o.a.j.r.ClassFinder: Will scan jar D:\apache-jmeter-5.6.3\apache-jmeter-5.6.3\lib\ext\jmeter-plugins-manager-1.11.jar with filter ExtendsClassFilter [parents=[interface org.apache.jmeter.functions.Function], inner=false, contains=null, notContains=null]. Consider exposing JMeter plugins via META-INF/services, and add JMeter-Skip-Class-Scanning=true manifest attribute so JMeter can skip classfile scanning
2026-02-13 03:18:53,253 INFO o.a.j.JMeter: Running test (1770945533253)
2026-02-13 03:18:53,283 INFO o.a.j.e.StandardJMeterEngine: Starting ThreadGroup: 1 : Thread Group
2026-02-13 03:18:53,284 INFO o.a.j.e.StandardJMeterEngine: Starting 1 threads for group Thread Group.
2026-02-13 03:18:53,284 INFO o.a.j.e.StandardJMeterEngine: Thread will continue on error
2026-02-13 03:18:53,284 INFO o.a.j.t.ThreadGroup: Starting thread group... number=1 threads=1 ramp-up=1 delayedStart=false
2026-02-13 03:18:53,290 INFO o.a.j.t.ThreadGroup: Started thread group number 1
2026-02-13 03:18:53,290 INFO o.a.j.e.StandardJMeterEngine: All thread groups have been started
2026-02-13 03:18:54,594 INFO o.a.j.t.JMeterThread: Thread started: Thread Group 1-1
2026-02-13 03:18:54,615 INFO o.a.j.p.h.s.HTTPHCAbstractImpl: Local host = DESKTOP-0LR1DHF
2026-02-13 03:18:54,623 INFO o.a.j.p.h.s.HTTPHC4Impl: HTTP request retry count = 0
2026-02-13 03:18:54,624 INFO o.a.j.s.SampleResult: Note: Sample TimeStamps are START times
2026-02-13 03:18:54,624 INFO o.a.j.s.SampleResult: sampleresult.default.encoding is set to UTF-8
2026-02-13 03:18:54,625 INFO o.a.j.s.SampleResult: sampleresult.useNanoTime=true
2026-02-13 03:18:54,625 INFO o.a.j.s.SampleResult: sampleresult.nanoThreadSleep=5000
2026-02-13 03:18:54,816 INFO o.a.j.p.h.s.h.LazyLayeredConnectionSocketFactory: Setting up HTTPS TrustAll Socket Factory
2026-02-13 03:18:54,824 INFO o.a.j.u.JsseSSLManager: Using default SSL protocol: TLS
2026-02-13 03:18:54,824 INFO o.a.j.u.JsseSSLManager: SSL session context: per-thread
2026-02-13 03:18:55,154 INFO o.a.j.u.SSLManager: JmeterKeyStore Location:  type JKS
2026-02-13 03:18:55,158 INFO o.a.j.u.SSLManager: KeyStore created OK
2026-02-13 03:18:55,159 WARN o.a.j.u.SSLManager: Keystore file not found, loading empty keystore
2026-02-13 03:18:56,510 INFO o.a.j.t.JMeterThread: Thread is done: Thread Group 1-1
2026-02-13 03:18:56,510 INFO o.a.j.t.JMeterThread: Thread finished: Thread Group 1-1
2026-02-13 03:18:56,665 INFO o.a.j.e.StandardJMeterEngine: Notifying test listeners of end of test
2026-02-13 03:18:56,701 INFO o.a.j.r.Summariser: summary =      5 in 00:00:03 =    1.5/s Avg:   348 Min:    99 Max:  1172 Err:     0 (0.00%)
2026-02-13 03:18:56,715 INFO o.a.j.JMeter: Generating Dashboard
2026-02-13 03:18:56,715 INFO o.a.j.r.d.ReportGenerator: Flushing result collector before report Generation
2026-02-13 03:18:56,764 INFO o.a.j.r.p.NormalizerSampleConsumer: Using format, 'ms', to parse timeStamp field
2026-02-13 03:18:56,892 INFO o.a.j.r.p.AbstractSampleConsumer: class org.apache.jmeter.report.processor.AggregateConsumer#stopProducing(): beginDate produced 0 samples
2026-02-13 03:18:56,892 INFO o.a.j.r.p.AbstractSampleConsumer: class org.apache.jmeter.report.processor.AggregateConsumer#stopProducing(): endDate produced 0 samples
2026-02-13 03:18:56,893 INFO o.a.j.r.p.AbstractSampleConsumer: class org.apache.jmeter.report.processor.ApdexSummaryConsumer#stopProducing(): apdexSummary produced 0 samples
2026-02-13 03:18:56,893 INFO o.a.j.r.p.AbstractSampleConsumer: class org.apache.jmeter.report.processor.RequestsSummaryConsumer#stopProducing(): requestsSummary produced 0 samples
2026-02-13 03:18:57,118 INFO o.a.j.r.p.AbstractSampleConsumer: class org.apache.jmeter.report.processor.StatisticsSummaryConsumer#stopProducing(): statisticsSummary produced 0 samples
2026-02-13 03:18:57,450 INFO o.a.j.r.p.AbstractSampleConsumer: class org.apache.jmeter.report.processor.Top5ErrorsBySamplerConsumer#stopProducing(): top5ErrorsBySampler produced 0 samples
2026-02-13 03:18:57,450 INFO o.a.j.r.p.AbstractSampleConsumer: class org.apache.jmeter.report.processor.ErrorsSummaryConsumer#stopProducing(): errorsSummary produced 0 samples
2026-02-13 03:18:57,450 INFO o.a.j.r.p.AbstractSampleConsumer: class org.apache.jmeter.report.processor.graph.impl.HitsPerSecondGraphConsumer#stopProducing(): hitsPerSecond produced 0 samples
2026-02-13 03:18:57,549 INFO o.a.j.r.p.AbstractSampleConsumer: class org.apache.jmeter.report.processor.graph.impl.LatencyVSRequestGraphConsumer#stopProducing(): latencyVsRequest produced 0 samples
2026-02-13 03:18:57,550 INFO o.a.j.r.p.AbstractSampleConsumer: class org.apache.jmeter.report.processor.graph.impl.SyntheticResponseTimeDistributionGraphConsumer#stopProducing(): syntheticResponseTimeDistribution produced 0 samples
2026-02-13 03:18:57,550 INFO o.a.j.r.p.AbstractSampleConsumer: class org.apache.jmeter.report.processor.graph.impl.BytesThroughputGraphConsumer#stopProducing(): bytesThroughputOverTime produced 0 samples
2026-02-13 03:18:57,551 INFO o.a.j.r.p.AbstractSampleConsumer: class org.apache.jmeter.report.processor.graph.impl.CodesPerSecondGraphConsumer#stopProducing(): codesPerSecond produced 0 samples
2026-02-13 03:18:57,555 INFO o.a.j.r.p.AbstractSampleConsumer: class org.apache.jmeter.report.processor.graph.impl.ResponseTimeVSRequestGraphConsumer#stopProducing(): responseTimeVsRequest produced 0 samples
2026-02-13 03:18:57,556 INFO o.a.j.r.p.AbstractSampleConsumer: class org.apache.jmeter.report.processor.FilterConsumer#stopProducing(): startIntervalControlerFilter produced 35 samples
2026-02-13 03:18:57,556 INFO o.a.j.r.p.AbstractSampleConsumer: class org.apache.jmeter.report.processor.graph.impl.TotalTPSGraphConsumer#stopProducing(): totalTPS produced 0 samples
2026-02-13 03:18:57,556 INFO o.a.j.r.p.AbstractSampleConsumer: class org.apache.jmeter.report.processor.graph.impl.ActiveThreadsGraphConsumer#stopProducing(): activeThreadsOverTime produced 0 samples
2026-02-13 03:18:57,556 INFO o.a.j.r.p.AbstractSampleConsumer: class org.apache.jmeter.report.processor.graph.impl.TimeVSThreadGraphConsumer#stopProducing(): timeVsThreads produced 0 samples
2026-02-13 03:18:57,556 INFO o.a.j.r.p.AbstractSampleConsumer: class org.apache.jmeter.report.processor.graph.impl.ResponseTimeDistributionGraphConsumer#stopProducing(): responseTimeDistribution produced 0 samples
2026-02-13 03:18:57,556 INFO o.a.j.r.p.AbstractSampleConsumer: class org.apache.jmeter.report.processor.graph.impl.TransactionsPerSecondGraphConsumer#stopProducing(): transactionsPerSecond produced 0 samples
2026-02-13 03:18:57,557 INFO o.a.j.r.p.AbstractSampleConsumer: class org.apache.jmeter.report.processor.graph.impl.ResponseTimePercentilesGraphConsumer#stopProducing(): responseTimePercentiles produced 0 samples
2026-02-13 03:18:57,559 INFO o.a.j.r.p.AbstractSampleConsumer: class org.apache.jmeter.report.processor.graph.impl.ResponseTimePercentilesOverTimeGraphConsumer#stopProducing(): responseTimePercentilesOverTime produced 0 samples
2026-02-13 03:18:57,559 INFO o.a.j.r.p.AbstractSampleConsumer: class org.apache.jmeter.report.processor.graph.impl.ResponseTimeOverTimeGraphConsumer#stopProducing(): responseTimesOverTime produced 0 samples
2026-02-13 03:18:57,560 INFO o.a.j.r.p.AbstractSampleConsumer: class org.apache.jmeter.report.processor.graph.impl.ConnectTimeOverTimeGraphConsumer#stopProducing(): connectTimeOverTime produced 0 samples
2026-02-13 03:18:57,560 INFO o.a.j.r.p.AbstractSampleConsumer: class org.apache.jmeter.report.processor.graph.impl.LatencyOverTimeGraphConsumer#stopProducing(): latenciesOverTime produced 0 samples
2026-02-13 03:18:57,560 INFO o.a.j.r.p.AbstractSampleConsumer: class org.apache.jmeter.report.processor.FilterConsumer#stopProducing(): nameFilter produced 75 samples
2026-02-13 03:18:57,560 INFO o.a.j.r.p.AbstractSampleConsumer: class org.apache.jmeter.report.processor.FilterConsumer#stopProducing(): dateRangeFilter produced 15 samples
2026-02-13 03:18:57,560 INFO o.a.j.r.p.AbstractSampleConsumer: class org.apache.jmeter.report.processor.NormalizerSampleConsumer#stopProducing(): normalizer produced 5 samples
2026-02-13 03:18:57,561 INFO o.a.j.r.p.CsvFileSampleSource: produce(): 5 samples produced in 702ms on channel 0
2026-02-13 03:18:57,561 INFO o.a.j.r.d.ReportGenerator: Exporting data using exporter:'json' of className:'org.apache.jmeter.report.dashboard.JsonExporter'
2026-02-13 03:18:58,947 INFO o.a.j.r.d.JsonExporter: Found data for consumer statisticsSummary in context
2026-02-13 03:18:58,947 INFO o.a.j.r.d.JsonExporter: Creating statistics for overall
2026-02-13 03:18:58,949 INFO o.a.j.r.d.JsonExporter: Creating statistics for other transactions
2026-02-13 03:18:58,949 INFO o.a.j.r.d.JsonExporter: Checking output folder
2026-02-13 03:18:58,951 INFO o.a.j.r.d.JsonExporter: Writing statistics JSON to C:\Users\Queen\Desktop\TodoList\report\statistics.json
2026-02-13 03:18:59,192 INFO o.a.j.r.d.ReportGenerator: Exporting data using exporter:'html' of className:'org.apache.jmeter.report.dashboard.HtmlTemplateExporter'
2026-02-13 03:18:59,196 INFO o.a.j.r.d.HtmlTemplateExporter: Will generate dashboard in folder: C:\Users\Queen\Desktop\TodoList\report
2026-02-13 03:19:00,448 INFO o.a.j.r.d.HtmlTemplateExporter: Report will be generated in: C:\Users\Queen\Desktop\TodoList\report, creating folder structure
2026-02-13 03:19:00,567 INFO o.a.j.r.d.TemplateVisitor: Copying folder from 'D:\apache-jmeter-5.6.3\apache-jmeter-5.6.3\bin\report-template' to 'C:\Users\Queen\Desktop\TodoList\report', got message: C:\Users\Queen\Desktop\TodoList\report, found non empty folder with following content [C:\Users\Queen\Desktop\TodoList\report\statistics.json], will be ignored
2026-02-13 03:19:08,536 INFO o.a.j.JMeter: Dashboard generated
